17:06:15:549  WARN 8660 --- [main] c.a.nacos.client.logging.NacosLogging    : Load Logback Configuration of Nacos fail, message: Could not initialize Logback Nacos logging from classpath:nacos-logback.xml
17:06:15:564  WARN 8660 --- [main] c.a.nacos.client.logging.NacosLogging    : Load Logback Configuration of Nacos fail, message: Could not initialize Logback Nacos logging from classpath:nacos-logback.xml
17:06:15:566  INFO 8660 --- [main] j.s.payservice.PayServiceApplication     : The following 1 profile is active: "local"
17:06:16:166  INFO 8660 --- [main] .s.d.r.c.RepositoryConfigurationDelegate : Multiple Spring Data modules found, entering strict repository configuration mode
17:06:16:169  INFO 8660 --- [main] .s.d.r.c.RepositoryConfigurationDelegate : Bootstrapping Spring Data Redis repositories in DEFAULT mode.
17:06:16:204  INFO 8660 --- [main] .s.d.r.c.RepositoryConfigurationDelegate : Finished Spring Data repository scanning in 7 ms. Found 0 Redis repository interfaces.
17:06:16:410  INFO 8660 --- [main] o.s.cloud.context.scope.GenericScope     : BeanFactory id=8f84d0cd-7261-3b40-984c-8ca5e1166e5a
17:06:16:450  INFO 8660 --- [main] trationDelegate$BeanPostProcessorChecker : Bean 'jiaruchun.api.openfeignclient.cart.CartOpenFeignApi' of type [org.springframework.cloud.openfeign.FeignClientFactoryBean] is not eligible for getting processed by all BeanPostProcessors (for example: not eligible for auto-proxying)
17:06:16:451  INFO 8660 --- [main] trationDelegate$BeanPostProcessorChecker : Bean 'jiaruchun.api.openfeignclient.item.ItemOpenFeignApi' of type [org.springframework.cloud.openfeign.FeignClientFactoryBean] is not eligible for getting processed by all BeanPostProcessors (for example: not eligible for auto-proxying)
17:06:16:452  INFO 8660 --- [main] trationDelegate$BeanPostProcessorChecker : Bean 'jiaruchun.api.openfeignclient.user.UserOPenFeignClientApi' of type [org.springframework.cloud.openfeign.FeignClientFactoryBean] is not eligible for getting processed by all BeanPostProcessors (for example: not eligible for auto-proxying)
17:06:16:779  INFO 8660 --- [main] o.s.b.w.embedded.tomcat.TomcatWebServer  : Tomcat initialized with port(s): 8085 (http)
17:06:16:786  INFO 8660 --- [main] o.apache.catalina.core.StandardService   : Starting service [Tomcat]
17:06:16:787  INFO 8660 --- [main] o.apache.catalina.core.StandardEngine    : Starting Servlet engine: [Apache Tomcat/10.1.19]
17:06:16:900  INFO 8660 --- [main] o.a.c.c.C.[Tomcat].[localhost].[/]       : Initializing Spring embedded WebApplicationContext
17:06:16:900  INFO 8660 --- [main] w.s.c.ServletWebServerApplicationContext : Root WebApplicationContext: initialization completed in 1320 ms
17:06:17:142  INFO 8660 --- [main] o.s.c.openfeign.FeignClientFactoryBean   : For 'user-service' URL not provided. Will try picking an instance via load-balancing.
17:06:17:454  WARN 8660 --- [main] c.b.m.core.injector.methods.UpdateById   : [jiaruchun.service.payservice.mapper.PayOrderMapper.updateById] Has been loaded by XML or SqlProvider or Mybatis's Annotation, so ignoring this injection for [class com.baomidou.mybatisplus.core.injector.methods.UpdateById]
17:06:18:679  WARN 8660 --- [main] .s.s.UserDetailsServiceAutoConfiguration : 

Using generated security password: 9ac3ac45-e186-4e4a-8650-9489494d221f

This generated password is for development use only. Your security configuration must be updated before running your application in production.

17:06:18:797  INFO 8660 --- [main] o.s.s.web.DefaultSecurityFilterChain     : Will secure any request with [org.springframework.security.web.session.DisableEncodeUrlFilter@50a095cb, org.springframework.security.web.context.request.async.WebAsyncManagerIntegrationFilter@3f2afa8b, org.springframework.security.web.context.SecurityContextHolderFilter@25a2c4dc, org.springframework.security.web.header.HeaderWriterFilter@25a52a60, org.springframework.security.web.csrf.CsrfFilter@22e95960, org.springframework.security.web.authentication.logout.LogoutFilter@6f651ac, org.springframework.security.web.authentication.UsernamePasswordAuthenticationFilter@5527dbb0, org.springframework.security.web.authentication.ui.DefaultLoginPageGeneratingFilter@31b67d61, org.springframework.security.web.authentication.ui.DefaultLogoutPageGeneratingFilter@6b2efcae, org.springframework.security.web.authentication.www.BasicAuthenticationFilter@7263b0c4, org.springframework.security.web.savedrequest.RequestCacheAwareFilter@18d396eb, org.springframework.security.web.servletapi.SecurityContextHolderAwareRequestFilter@75e92bb7, org.springframework.security.web.authentication.AnonymousAuthenticationFilter@8aa1562, org.springframework.security.web.access.ExceptionTranslationFilter@7ffe8a82, org.springframework.security.web.access.intercept.AuthorizationFilter@3efb863c]
17:06:19:044  INFO 8660 --- [main] o.s.b.w.embedded.tomcat.TomcatWebServer  : Tomcat started on port(s): 8085 (http) with context path ''
17:06:19:052  WARN 8660 --- [main] c.a.nacos.client.logging.NacosLogging    : Load Logback Configuration of Nacos fail, message: Could not initialize Logback Nacos logging from classpath:nacos-logback.xml
17:06:19:052  INFO 8660 --- [main] com.alibaba.nacos.client.naming          : initializer namespace from ans.namespace attribute : null
17:06:19:052  INFO 8660 --- [main] com.alibaba.nacos.client.naming          : initializer namespace from ALIBABA_ALIWARE_NAMESPACE attribute :null
17:06:19:053  INFO 8660 --- [main] com.alibaba.nacos.client.naming          : initializer namespace from namespace attribute :null
17:06:19:078  INFO 8660 --- [main] c.alibaba.nacos.client.utils.ParamUtil   : [settings] [req-serv] nacos-server port:8848
17:06:19:078  INFO 8660 --- [main] c.alibaba.nacos.client.utils.ParamUtil   : [settings] [http-client] connect timeout:1000
17:06:19:079  INFO 8660 --- [main] c.alibaba.nacos.client.utils.ParamUtil   : PER_TASK_CONFIG_SIZE: 3000.0
17:06:19:083  INFO 8660 --- [main] c.a.n.p.a.s.c.ClientAuthPluginManager    : [ClientAuthPluginManager] Load ClientAuthService com.alibaba.nacos.client.auth.impl.NacosClientAuthServiceImpl success.
17:06:19:083  INFO 8660 --- [main] c.a.n.p.a.s.c.ClientAuthPluginManager    : [ClientAuthPluginManager] Load ClientAuthService com.alibaba.nacos.client.auth.ram.RamClientAuthServiceImpl success.
17:06:19:086  INFO 8660 --- [main] c.a.n.c.a.r.identify.CredentialWatcher   : null No credential found
17:06:19:094  INFO 8660 --- [main] com.alibaba.nacos.common.remote.client   : [RpcClientFactory] create a new rpc client of b23f11c1-9cf6-4f49-b9d3-28228362b2a8
17:06:19:114  INFO 8660 --- [main] com.alibaba.nacos.common.remote.client   : [b23f11c1-9cf6-4f49-b9d3-28228362b2a8] RpcClient init, ServerListFactory = com.alibaba.nacos.client.naming.core.ServerListManager
17:06:19:114  INFO 8660 --- [main] com.alibaba.nacos.common.remote.client   : [b23f11c1-9cf6-4f49-b9d3-28228362b2a8] Registry connection listener to current client:com.alibaba.nacos.client.naming.remote.gprc.redo.NamingGrpcRedoService
17:06:19:114  INFO 8660 --- [main] com.alibaba.nacos.common.remote.client   : [b23f11c1-9cf6-4f49-b9d3-28228362b2a8] Register server push request handler:com.alibaba.nacos.client.naming.remote.gprc.NamingPushRequestHandler
17:06:19:117  INFO 8660 --- [main] com.alibaba.nacos.common.remote.client   : [b23f11c1-9cf6-4f49-b9d3-28228362b2a8] Try to connect to server on start up, server: {serverIp = '192.168.100.128', server main port = 8848}
17:06:19:147  INFO 8660 --- [main] c.a.n.c.remote.client.grpc.GrpcClient    : grpc client connection server:192.168.100.128 ip,serverPort:9848,grpcTslConfig:{"sslProvider":"OPENSSL","enableTls":false,"mutualAuthEnable":false,"trustAll":false}
17:06:19:950  INFO 8660 --- [main] com.alibaba.nacos.common.remote.client   : [b23f11c1-9cf6-4f49-b9d3-28228362b2a8] Success to connect to server [192.168.100.128:8848] on start up, connectionId = 1751619979821_192.168.100.1_49947
17:06:19:950  INFO 8660 --- [com.alibaba.nacos.client.remote.worker] com.alibaba.nacos.common.remote.client   : [b23f11c1-9cf6-4f49-b9d3-28228362b2a8] Notify connected event to listeners.
17:06:19:951  INFO 8660 --- [com.alibaba.nacos.client.remote.worker] com.alibaba.nacos.client.naming          : Grpc connection connect
17:06:19:951  INFO 8660 --- [main] com.alibaba.nacos.common.remote.client   : [b23f11c1-9cf6-4f49-b9d3-28228362b2a8] Register server push request handler:com.alibaba.nacos.common.remote.client.RpcClient$ConnectResetRequestHandler
17:06:19:951  INFO 8660 --- [main] com.alibaba.nacos.common.remote.client   : [b23f11c1-9cf6-4f49-b9d3-28228362b2a8] Register server push request handler:com.alibaba.nacos.common.remote.client.RpcClient$$Lambda$1321/0x000001ed99902510
17:06:19:952  INFO 8660 --- [main] com.alibaba.nacos.client.naming          : [REGISTER-SERVICE] public registering service pay-service with instance Instance{instanceId='null', ip='192.168.100.1', port=8085, weight=1.0, healthy=true, enabled=true, ephemeral=true, clusterName='DEFAULT', serviceName='null', metadata={IPv6=null, preserved.register.source=SPRING_CLOUD}}
17:06:19:968  INFO 8660 --- [main] c.a.c.n.registry.NacosServiceRegistry    : nacos registry, DEFAULT_GROUP pay-service 192.168.100.1:8085 register finished
17:06:20:053  INFO 8660 --- [main] j.s.payservice.PayServiceApplication     : Started PayServiceApplication in 5.552 seconds (process running for 6.094)
19:57:09:849  WARN 8660 --- [Thread-5] c.a.nacos.common.notify.NotifyCenter     : [NotifyCenter] Start destroying Publisher
19:57:09:849  WARN 8660 --- [Thread-8] c.a.n.common.http.HttpClientBeanHolder   : [HttpClientBeanHolder] Start destroying common HttpClient
19:57:09:866  WARN 8660 --- [Thread-5] c.a.nacos.common.notify.NotifyCenter     : [NotifyCenter] Destruction of the end
19:57:09:875  WARN 8660 --- [Thread-8] c.a.n.common.http.HttpClientBeanHolder   : [HttpClientBeanHolder] Destruction of the end
19:57:10:274  INFO 8660 --- [SpringApplicationShutdownHook] c.a.c.n.registry.NacosServiceRegistry    : De-registering from Nacos Server now...
19:57:10:275  INFO 8660 --- [SpringApplicationShutdownHook] com.alibaba.nacos.client.naming          : [DEREGISTER-SERVICE] public deregistering service pay-service with instance: Instance{instanceId='null', ip='192.168.100.1', port=8085, weight=1.0, healthy=true, enabled=true, ephemeral=true, clusterName='DEFAULT', serviceName='null', metadata={}}
19:57:10:283  INFO 8660 --- [SpringApplicationShutdownHook] c.a.c.n.registry.NacosServiceRegistry    : De-registration finished.
19:57:10:285  INFO 8660 --- [SpringApplicationShutdownHook] com.alibaba.nacos.client.naming          : com.alibaba.nacos.client.naming.cache.ServiceInfoHolder do shutdown begin
19:57:10:285  INFO 8660 --- [SpringApplicationShutdownHook] com.alibaba.nacos.client.naming          : com.alibaba.nacos.client.naming.backups.FailoverReactor do shutdown begin
19:57:10:285  INFO 8660 --- [SpringApplicationShutdownHook] com.alibaba.nacos.client.naming          : com.alibaba.nacos.client.naming.backups.FailoverReactor do shutdown stop
19:57:10:285  INFO 8660 --- [SpringApplicationShutdownHook] com.alibaba.nacos.client.naming          : com.alibaba.nacos.client.naming.cache.ServiceInfoHolder do shutdown stop
19:57:10:286  INFO 8660 --- [SpringApplicationShutdownHook] com.alibaba.nacos.client.naming          : com.alibaba.nacos.client.naming.remote.NamingClientProxyDelegate do shutdown begin
19:57:10:286  INFO 8660 --- [SpringApplicationShutdownHook] com.alibaba.nacos.client.naming          : com.alibaba.nacos.client.naming.core.ServiceInfoUpdateService do shutdown begin
19:57:10:286  INFO 8660 --- [SpringApplicationShutdownHook] com.alibaba.nacos.client.naming          : com.alibaba.nacos.client.naming.core.ServiceInfoUpdateService do shutdown stop
19:57:10:286  INFO 8660 --- [SpringApplicationShutdownHook] com.alibaba.nacos.client.naming          : com.alibaba.nacos.client.naming.core.ServerListManager do shutdown begin
19:57:10:286  WARN 8660 --- [SpringApplicationShutdownHook] com.alibaba.nacos.client.naming          : [NamingHttpClientManager] Start destroying NacosRestTemplate
19:57:10:286  WARN 8660 --- [SpringApplicationShutdownHook] com.alibaba.nacos.client.naming          : [NamingHttpClientManager] Destruction of the end
19:57:10:286  INFO 8660 --- [SpringApplicationShutdownHook] com.alibaba.nacos.client.naming          : com.alibaba.nacos.client.naming.core.ServerListManager do shutdown stop
19:57:10:286  INFO 8660 --- [SpringApplicationShutdownHook] com.alibaba.nacos.client.naming          : com.alibaba.nacos.client.naming.remote.http.NamingHttpClientProxy do shutdown begin
19:57:10:286  WARN 8660 --- [SpringApplicationShutdownHook] com.alibaba.nacos.client.naming          : [NamingHttpClientManager] Start destroying NacosRestTemplate
19:57:10:286  WARN 8660 --- [SpringApplicationShutdownHook] com.alibaba.nacos.client.naming          : [NamingHttpClientManager] Destruction of the end
19:57:10:286  INFO 8660 --- [SpringApplicationShutdownHook] com.alibaba.nacos.client.naming          : com.alibaba.nacos.client.naming.remote.http.NamingHttpClientProxy do shutdown stop
19:57:10:287  INFO 8660 --- [SpringApplicationShutdownHook] com.alibaba.nacos.common.remote.client   : Shutdown rpc client, set status to shutdown
19:57:10:287  INFO 8660 --- [SpringApplicationShutdownHook] com.alibaba.nacos.common.remote.client   : Shutdown client event executor java.util.concurrent.ScheduledThreadPoolExecutor@279c4d2a[Running, pool size = 2, active threads = 2, queued tasks = 0, completed tasks = 0]
19:57:10:288  INFO 8660 --- [SpringApplicationShutdownHook] com.alibaba.nacos.common.remote.client   : Close current connection 1751619979821_192.168.100.1_49947
19:57:10:291  INFO 8660 --- [nacos-grpc-client-executor-192.168.100.128-2096] c.a.n.c.remote.client.grpc.GrpcClient    : [1751619979821_192.168.100.1_49947]Ignore complete event,isRunning:false,isAbandon=false
19:57:10:299  INFO 8660 --- [SpringApplicationShutdownHook] c.a.n.c.remote.client.grpc.GrpcClient    : Shutdown grpc executor java.util.concurrent.ThreadPoolExecutor@77530275[Running, pool size = 4, active threads = 0, queued tasks = 0, completed tasks = 2097]
19:57:10:299  INFO 8660 --- [SpringApplicationShutdownHook] com.alibaba.nacos.client.naming          : Shutdown grpc redo service executor java.util.concurrent.ScheduledThreadPoolExecutor@3942e2fb[Running, pool size = 1, active threads = 0, queued tasks = 1, completed tasks = 3415]
19:57:10:300  INFO 8660 --- [SpringApplicationShutdownHook] c.a.n.c.a.r.identify.CredentialWatcher   : [null] CredentialWatcher is stopped
19:57:10:301  INFO 8660 --- [SpringApplicationShutdownHook] c.a.n.c.a.r.identify.CredentialService   : [null] CredentialService is freed
19:57:10:301  INFO 8660 --- [SpringApplicationShutdownHook] com.alibaba.nacos.client.naming          : com.alibaba.nacos.client.naming.remote.NamingClientProxyDelegate do shutdown stop
20:23:31:942  INFO 32788 --- [main] j.s.payservice.PayServiceApplication     : The following 1 profile is active: "local"
20:23:32:638  INFO 32788 --- [main] .s.d.r.c.RepositoryConfigurationDelegate : Multiple Spring Data modules found, entering strict repository configuration mode
20:23:32:641  INFO 32788 --- [main] .s.d.r.c.RepositoryConfigurationDelegate : Bootstrapping Spring Data Redis repositories in DEFAULT mode.
20:23:32:663  INFO 32788 --- [main] .s.d.r.c.RepositoryConfigurationDelegate : Finished Spring Data repository scanning in 8 ms. Found 0 Redis repository interfaces.
20:23:32:876  INFO 32788 --- [main] o.s.cloud.context.scope.GenericScope     : BeanFactory id=a5e13085-518a-3933-af14-5e766d1a483a
20:23:32:920  INFO 32788 --- [main] trationDelegate$BeanPostProcessorChecker : Bean 'jiaruchun.api.openfeignclient.cart.CartOpenFeignApi' of type [org.springframework.cloud.openfeign.FeignClientFactoryBean] is not eligible for getting processed by all BeanPostProcessors (for example: not eligible for auto-proxying)
20:23:32:921  INFO 32788 --- [main] trationDelegate$BeanPostProcessorChecker : Bean 'jiaruchun.api.openfeignclient.item.ItemOpenFeignApi' of type [org.springframework.cloud.openfeign.FeignClientFactoryBean] is not eligible for getting processed by all BeanPostProcessors (for example: not eligible for auto-proxying)
20:23:32:923  INFO 32788 --- [main] trationDelegate$BeanPostProcessorChecker : Bean 'jiaruchun.api.openfeignclient.user.UserOPenFeignClientApi' of type [org.springframework.cloud.openfeign.FeignClientFactoryBean] is not eligible for getting processed by all BeanPostProcessors (for example: not eligible for auto-proxying)
20:23:33:254  INFO 32788 --- [main] o.s.b.w.embedded.tomcat.TomcatWebServer  : Tomcat initialized with port(s): 8085 (http)
20:23:33:263  INFO 32788 --- [main] o.apache.catalina.core.StandardService   : Starting service [Tomcat]
20:23:33:263  INFO 32788 --- [main] o.apache.catalina.core.StandardEngine    : Starting Servlet engine: [Apache Tomcat/10.1.19]
20:23:33:343  INFO 32788 --- [main] o.a.c.c.C.[Tomcat].[localhost].[/]       : Initializing Spring embedded WebApplicationContext
20:23:33:344  INFO 32788 --- [main] w.s.c.ServletWebServerApplicationContext : Root WebApplicationContext: initialization completed in 1385 ms
20:23:33:607  INFO 32788 --- [main] o.s.c.openfeign.FeignClientFactoryBean   : For 'user-service' URL not provided. Will try picking an instance via load-balancing.
20:23:33:938  WARN 32788 --- [main] c.b.m.core.injector.methods.UpdateById   : [jiaruchun.service.payservice.mapper.PayOrderMapper.updateById] Has been loaded by XML or SqlProvider or Mybatis's Annotation, so ignoring this injection for [class com.baomidou.mybatisplus.core.injector.methods.UpdateById]
20:23:35:160  WARN 32788 --- [main] .s.s.UserDetailsServiceAutoConfiguration : 

Using generated security password: 4fa686b1-d14d-4ffa-82c2-6ff9a8b2e1fa

This generated password is for development use only. Your security configuration must be updated before running your application in production.

20:23:35:251  INFO 32788 --- [main] o.s.s.web.DefaultSecurityFilterChain     : Will secure any request with [org.springframework.security.web.session.DisableEncodeUrlFilter@7dbe858f, org.springframework.security.web.context.request.async.WebAsyncManagerIntegrationFilter@387ef6a7, org.springframework.security.web.context.SecurityContextHolderFilter@41041c31, org.springframework.security.web.header.HeaderWriterFilter@1bcdd302, org.springframework.security.web.csrf.CsrfFilter@2b569858, org.springframework.security.web.authentication.logout.LogoutFilter@493489dd, org.springframework.security.web.authentication.UsernamePasswordAuthenticationFilter@679886ad, org.springframework.security.web.authentication.ui.DefaultLoginPageGeneratingFilter@3328db4f, org.springframework.security.web.authentication.ui.DefaultLogoutPageGeneratingFilter@2330c995, org.springframework.security.web.authentication.www.BasicAuthenticationFilter@33cec966, org.springframework.security.web.savedrequest.RequestCacheAwareFilter@2a738d47, org.springframework.security.web.servletapi.SecurityContextHolderAwareRequestFilter@2eb0932c, org.springframework.security.web.authentication.AnonymousAuthenticationFilter@7d086485, org.springframework.security.web.access.ExceptionTranslationFilter@1f596988, org.springframework.security.web.access.intercept.AuthorizationFilter@3ae91bcc]
20:23:35:460  INFO 32788 --- [main] o.s.b.w.embedded.tomcat.TomcatWebServer  : Tomcat started on port(s): 8085 (http) with context path ''
20:23:35:465  INFO 32788 --- [main] com.alibaba.nacos.client.naming          : initializer namespace from ans.namespace attribute : null
20:23:35:466  INFO 32788 --- [main] com.alibaba.nacos.client.naming          : initializer namespace from ALIBABA_ALIWARE_NAMESPACE attribute :null
20:23:35:467  INFO 32788 --- [main] com.alibaba.nacos.client.naming          : initializer namespace from namespace attribute :null
20:23:35:475  INFO 32788 --- [main] com.alibaba.nacos.client.naming          : FailoverDataSource type is class com.alibaba.nacos.client.naming.backups.datasource.DiskFailoverDataSource
20:23:35:483  INFO 32788 --- [main] c.a.n.p.a.s.c.ClientAuthPluginManager    : [ClientAuthPluginManager] Load ClientAuthService com.alibaba.nacos.client.auth.impl.NacosClientAuthServiceImpl success.
20:23:35:483  INFO 32788 --- [main] c.a.n.p.a.s.c.ClientAuthPluginManager    : [ClientAuthPluginManager] Load ClientAuthService com.alibaba.nacos.client.auth.ram.RamClientAuthServiceImpl success.
20:23:35:488  INFO 32788 --- [main] com.alibaba.nacos.common.remote.client   : [RpcClientFactory] create a new rpc client of 8f5aba54-53dd-4a52-8d61-95ac83521037
20:23:35:491  INFO 32788 --- [main] com.alibaba.nacos.client.naming          : Create naming rpc client for uuid->8f5aba54-53dd-4a52-8d61-95ac83521037
20:23:35:491  INFO 32788 --- [main] com.alibaba.nacos.common.remote.client   : [8f5aba54-53dd-4a52-8d61-95ac83521037] RpcClient init, ServerListFactory = com.alibaba.nacos.client.naming.core.ServerListManager
20:23:35:491  INFO 32788 --- [main] com.alibaba.nacos.common.remote.client   : [8f5aba54-53dd-4a52-8d61-95ac83521037] Registry connection listener to current client:com.alibaba.nacos.client.naming.remote.gprc.redo.NamingGrpcRedoService
20:23:35:492  INFO 32788 --- [main] com.alibaba.nacos.common.remote.client   : [8f5aba54-53dd-4a52-8d61-95ac83521037] Register server push request handler:com.alibaba.nacos.client.naming.remote.gprc.NamingPushRequestHandler
20:23:35:493  INFO 32788 --- [main] com.alibaba.nacos.common.remote.client   : [8f5aba54-53dd-4a52-8d61-95ac83521037] Try to connect to server on start up, server: {serverIp = '192.168.100.128', server main port = 8848}
20:23:35:493  INFO 32788 --- [main] c.a.n.c.remote.client.grpc.GrpcClient    : grpc client connection server:192.168.100.128 ip,serverPort:9848,grpcTslConfig:{"sslProvider":"","enableTls":false,"mutualAuthEnable":false,"trustAll":false}
20:23:35:610  INFO 32788 --- [main] com.alibaba.nacos.common.remote.client   : [8f5aba54-53dd-4a52-8d61-95ac83521037] Success to connect to server [192.168.100.128:8848] on start up, connectionId = 1751631815561_192.168.100.1_52497
20:23:35:610  INFO 32788 --- [main] com.alibaba.nacos.common.remote.client   : [8f5aba54-53dd-4a52-8d61-95ac83521037] Register server push request handler:com.alibaba.nacos.common.remote.client.RpcClient$ConnectResetRequestHandler
20:23:35:610  INFO 32788 --- [com.alibaba.nacos.client.remote.worker.0] com.alibaba.nacos.common.remote.client   : [8f5aba54-53dd-4a52-8d61-95ac83521037] Notify connected event to listeners.
20:23:35:610  INFO 32788 --- [main] com.alibaba.nacos.common.remote.client   : [8f5aba54-53dd-4a52-8d61-95ac83521037] Register server push request handler:com.alibaba.nacos.common.remote.client.RpcClient$$Lambda$545/0x0000023425499eb8
20:23:35:610  INFO 32788 --- [com.alibaba.nacos.client.remote.worker.0] com.alibaba.nacos.client.naming          : Grpc connection connect
20:23:35:611  INFO 32788 --- [main] com.alibaba.nacos.client.naming          : [REGISTER-SERVICE] public registering service pay-service with instance Instance{instanceId='null', ip='192.168.100.1', port=8085, weight=1.0, healthy=true, enabled=true, ephemeral=true, clusterName='DEFAULT', serviceName='null', metadata={IPv6=null, preserved.register.source=SPRING_CLOUD}}
20:23:35:622  INFO 32788 --- [main] c.a.c.n.registry.NacosServiceRegistry    : nacos registry, DEFAULT_GROUP pay-service 192.168.100.1:8085 register finished
20:23:35:708  INFO 32788 --- [main] j.s.payservice.PayServiceApplication     : Started PayServiceApplication in 5.948 seconds (process running for 6.609)
20:23:35:714  INFO 32788 --- [main] c.a.nacos.client.config.impl.CacheData   : config listener notify warn timeout millis use default 60000 millis 
20:23:35:714  INFO 32788 --- [main] c.a.nacos.client.config.impl.CacheData   : nacos.cache.data.init.snapshot = true 
20:23:35:715  INFO 32788 --- [main] c.a.n.client.config.impl.ClientWorker    : [fixed-192.168.100.128_8848] [subscribe] pay-service+DEFAULT_GROUP
20:23:35:726  INFO 32788 --- [main] c.a.nacos.client.config.impl.CacheData   : [fixed-192.168.100.128_8848] [add-listener] ok, tenant=, dataId=pay-service, group=DEFAULT_GROUP, cnt=1
20:23:35:726  INFO 32788 --- [main] c.a.c.n.refresh.NacosContextRefresher    : [Nacos Config] Listening config: dataId=pay-service, group=DEFAULT_GROUP
20:23:35:727  INFO 32788 --- [main] c.a.n.client.config.impl.ClientWorker    : [fixed-192.168.100.128_8848] [subscribe] pay-service.yaml+DEFAULT_GROUP
20:23:35:727  INFO 32788 --- [main] c.a.nacos.client.config.impl.CacheData   : [fixed-192.168.100.128_8848] [add-listener] ok, tenant=, dataId=pay-service.yaml, group=DEFAULT_GROUP, cnt=1
20:23:35:727  INFO 32788 --- [main] c.a.c.n.refresh.NacosContextRefresher    : [Nacos Config] Listening config: dataId=pay-service.yaml, group=DEFAULT_GROUP
20:23:35:727  INFO 32788 --- [main] c.a.n.client.config.impl.ClientWorker    : [fixed-192.168.100.128_8848] [subscribe] pay-service-local.yaml+DEFAULT_GROUP
20:23:35:727  INFO 32788 --- [main] c.a.nacos.client.config.impl.CacheData   : [fixed-192.168.100.128_8848] [add-listener] ok, tenant=, dataId=pay-service-local.yaml, group=DEFAULT_GROUP, cnt=1
20:23:35:727  INFO 32788 --- [main] c.a.c.n.refresh.NacosContextRefresher    : [Nacos Config] Listening config: dataId=pay-service-local.yaml, group=DEFAULT_GROUP
20:28:38:968  WARN 32788 --- [Thread-2] c.a.n.common.http.HttpClientBeanHolder   : [HttpClientBeanHolder] Start destroying common HttpClient
20:28:38:968  WARN 32788 --- [Thread-5] c.a.nacos.common.notify.NotifyCenter     : [NotifyCenter] Start destroying Publisher
20:28:38:968  WARN 32788 --- [Thread-5] c.a.nacos.common.notify.NotifyCenter     : [NotifyCenter] Destruction of the end
20:28:38:969  WARN 32788 --- [Thread-2] c.a.n.common.http.HttpClientBeanHolder   : [HttpClientBeanHolder] Destruction of the end
20:28:38:998  INFO 32788 --- [SpringApplicationShutdownHook] c.a.c.n.registry.NacosServiceRegistry    : De-registering from Nacos Server now...
20:28:38:998  INFO 32788 --- [SpringApplicationShutdownHook] com.alibaba.nacos.client.naming          : [DEREGISTER-SERVICE] public deregistering service pay-service with instance: Instance{instanceId='null', ip='192.168.100.1', port=8085, weight=1.0, healthy=true, enabled=true, ephemeral=true, clusterName='DEFAULT', serviceName='null', metadata={}}
20:28:39:001  INFO 32788 --- [SpringApplicationShutdownHook] c.a.c.n.registry.NacosServiceRegistry    : De-registration finished.
20:28:39:001  INFO 32788 --- [SpringApplicationShutdownHook] com.alibaba.nacos.client.naming          : com.alibaba.nacos.client.naming.cache.ServiceInfoHolder do shutdown begin
20:28:39:002  INFO 32788 --- [SpringApplicationShutdownHook] com.alibaba.nacos.client.naming          : com.alibaba.nacos.client.naming.backups.FailoverReactor do shutdown begin
20:28:39:002  INFO 32788 --- [SpringApplicationShutdownHook] com.alibaba.nacos.client.naming          : com.alibaba.nacos.client.naming.backups.FailoverReactor do shutdown stop
20:28:39:002  INFO 32788 --- [SpringApplicationShutdownHook] com.alibaba.nacos.client.naming          : com.alibaba.nacos.client.naming.cache.ServiceInfoHolder do shutdown stop
20:28:39:002  INFO 32788 --- [SpringApplicationShutdownHook] com.alibaba.nacos.client.naming          : com.alibaba.nacos.client.naming.remote.NamingClientProxyDelegate do shutdown begin
20:28:39:002  INFO 32788 --- [SpringApplicationShutdownHook] com.alibaba.nacos.client.naming          : com.alibaba.nacos.client.naming.core.ServiceInfoUpdateService do shutdown begin
20:28:39:002  INFO 32788 --- [SpringApplicationShutdownHook] com.alibaba.nacos.client.naming          : com.alibaba.nacos.client.naming.core.ServiceInfoUpdateService do shutdown stop
20:28:39:002  INFO 32788 --- [SpringApplicationShutdownHook] com.alibaba.nacos.client.naming          : com.alibaba.nacos.client.naming.core.ServerListManager do shutdown begin
20:28:39:002  WARN 32788 --- [SpringApplicationShutdownHook] com.alibaba.nacos.client.naming          : [NamingHttpClientManager] Start destroying NacosRestTemplate
20:28:39:002  WARN 32788 --- [SpringApplicationShutdownHook] com.alibaba.nacos.client.naming          : [NamingHttpClientManager] Destruction of the end
20:28:39:002  INFO 32788 --- [SpringApplicationShutdownHook] com.alibaba.nacos.client.naming          : com.alibaba.nacos.client.naming.core.ServerListManager do shutdown stop
20:28:39:002  INFO 32788 --- [SpringApplicationShutdownHook] com.alibaba.nacos.client.naming          : com.alibaba.nacos.client.naming.remote.http.NamingHttpClientProxy do shutdown begin
20:28:39:002  WARN 32788 --- [SpringApplicationShutdownHook] com.alibaba.nacos.client.naming          : [NamingHttpClientManager] Start destroying NacosRestTemplate
20:28:39:002  WARN 32788 --- [SpringApplicationShutdownHook] com.alibaba.nacos.client.naming          : [NamingHttpClientManager] Destruction of the end
20:28:39:002  INFO 32788 --- [SpringApplicationShutdownHook] com.alibaba.nacos.client.naming          : com.alibaba.nacos.client.naming.remote.http.NamingHttpClientProxy do shutdown stop
20:28:39:002  INFO 32788 --- [SpringApplicationShutdownHook] com.alibaba.nacos.client.naming          : Shutdown naming grpc client proxy for  uuid->8f5aba54-53dd-4a52-8d61-95ac83521037
20:28:39:003  INFO 32788 --- [SpringApplicationShutdownHook] com.alibaba.nacos.client.naming          : Shutdown grpc redo service executor java.util.concurrent.ScheduledThreadPoolExecutor@6309c49c[Running, pool size = 1, active threads = 0, queued tasks = 1, completed tasks = 101]
20:28:39:003  INFO 32788 --- [SpringApplicationShutdownHook] com.alibaba.nacos.common.remote.client   : Shutdown rpc client, set status to shutdown
20:28:39:003  INFO 32788 --- [SpringApplicationShutdownHook] com.alibaba.nacos.common.remote.client   : Shutdown client event executor java.util.concurrent.ScheduledThreadPoolExecutor@386ec55f[Running, pool size = 2, active threads = 2, queued tasks = 0, completed tasks = 0]
20:28:39:003  INFO 32788 --- [SpringApplicationShutdownHook] com.alibaba.nacos.common.remote.client   : Close current connection 1751631815561_192.168.100.1_52497
20:28:39:005  INFO 32788 --- [nacos-grpc-client-executor-192.168.100.128-67] c.a.n.c.remote.client.grpc.GrpcClient    : [1751631815561_192.168.100.1_52497]Ignore complete event,isRunning:false,isAbandon=false
20:28:39:007  INFO 32788 --- [SpringApplicationShutdownHook] c.a.n.c.remote.client.grpc.GrpcClient    : Shutdown grpc executor java.util.concurrent.ThreadPoolExecutor@25efc810[Running, pool size = 4, active threads = 0, queued tasks = 0, completed tasks = 68]
20:28:39:008  INFO 32788 --- [SpringApplicationShutdownHook] com.alibaba.nacos.client.naming          : shutdown and remove naming rpc client  for uuid ->8f5aba54-53dd-4a52-8d61-95ac83521037
20:28:39:008  INFO 32788 --- [SpringApplicationShutdownHook] c.a.n.c.a.r.identify.CredentialWatcher   : [null] CredentialWatcher is stopped
20:28:39:008  INFO 32788 --- [SpringApplicationShutdownHook] c.a.n.c.a.r.identify.CredentialService   : [null] CredentialService is freed
20:28:39:008  INFO 32788 --- [SpringApplicationShutdownHook] com.alibaba.nacos.client.naming          : com.alibaba.nacos.client.naming.remote.NamingClientProxyDelegate do shutdown stop
