14:14:08:151  INFO 18016 --- [main] j.s.cartservice.CartServiceApplication   : The following 1 profile is active: "local"
14:14:08:927  INFO 18016 --- [main] .s.d.r.c.RepositoryConfigurationDelegate : Multiple Spring Data modules found, entering strict repository configuration mode
14:14:08:929  INFO 18016 --- [main] .s.d.r.c.RepositoryConfigurationDelegate : Bootstrapping Spring Data Redis repositories in DEFAULT mode.
14:14:08:950  INFO 18016 --- [main] .s.d.r.c.RepositoryConfigurationDelegate : Finished Spring Data repository scanning in 7 ms. Found 0 Redis repository interfaces.
14:14:09:188  INFO 18016 --- [main] o.s.cloud.context.scope.GenericScope     : BeanFactory id=c69d6076-9f45-32f6-b919-588a484291af
14:14:09:231  INFO 18016 --- [main] trationDelegate$BeanPostProcessorChecker : Bean 'jiaruchun.api.openfeignclient.cart.CartOpenFeignApi' of type [org.springframework.cloud.openfeign.FeignClientFactoryBean] is not eligible for getting processed by all BeanPostProcessors (for example: not eligible for auto-proxying)
14:14:09:233  INFO 18016 --- [main] trationDelegate$BeanPostProcessorChecker : Bean 'jiaruchun.api.openfeignclient.item.ItemOpenFeignApi' of type [org.springframework.cloud.openfeign.FeignClientFactoryBean] is not eligible for getting processed by all BeanPostProcessors (for example: not eligible for auto-proxying)
14:14:09:234  INFO 18016 --- [main] trationDelegate$BeanPostProcessorChecker : Bean 'jiaruchun.api.openfeignclient.user.UserOPenFeignClientApi' of type [org.springframework.cloud.openfeign.FeignClientFactoryBean] is not eligible for getting processed by all BeanPostProcessors (for example: not eligible for auto-proxying)
14:14:09:637  INFO 18016 --- [main] o.s.b.w.embedded.tomcat.TomcatWebServer  : Tomcat initialized with port(s): 8082 (http)
14:14:09:648  INFO 18016 --- [main] o.apache.catalina.core.StandardService   : Starting service [Tomcat]
14:14:09:648  INFO 18016 --- [main] o.apache.catalina.core.StandardEngine    : Starting Servlet engine: [Apache Tomcat/10.1.19]
14:14:09:756  INFO 18016 --- [main] o.a.c.c.C.[Tomcat].[localhost].[/]       : Initializing Spring embedded WebApplicationContext
14:14:09:756  INFO 18016 --- [main] w.s.c.ServletWebServerApplicationContext : Root WebApplicationContext: initialization completed in 1578 ms
14:14:10:081  INFO 18016 --- [main] o.s.c.openfeign.FeignClientFactoryBean   : For 'item-service' URL not provided. Will try picking an instance via load-balancing.
14:14:11:786  WARN 18016 --- [main] .s.s.UserDetailsServiceAutoConfiguration : 

Using generated security password: 0371cf12-8b69-47b7-8e83-a3e0810545d4

This generated password is for development use only. Your security configuration must be updated before running your application in production.

14:14:11:915  INFO 18016 --- [main] o.s.s.web.DefaultSecurityFilterChain     : Will secure any request with [org.springframework.security.web.session.DisableEncodeUrlFilter@6df4d8f1, org.springframework.security.web.context.request.async.WebAsyncManagerIntegrationFilter@735b1ad2, org.springframework.security.web.context.SecurityContextHolderFilter@2b370ca9, org.springframework.security.web.header.HeaderWriterFilter@69ee0861, org.springframework.security.web.csrf.CsrfFilter@7af2ee23, org.springframework.security.web.authentication.logout.LogoutFilter@5345552f, org.springframework.security.web.authentication.UsernamePasswordAuthenticationFilter@634d56eb, org.springframework.security.web.authentication.ui.DefaultLoginPageGeneratingFilter@7866ffa, org.springframework.security.web.authentication.ui.DefaultLogoutPageGeneratingFilter@34893693, org.springframework.security.web.authentication.www.BasicAuthenticationFilter@d827673, org.springframework.security.web.savedrequest.RequestCacheAwareFilter@59301546, org.springframework.security.web.servletapi.SecurityContextHolderAwareRequestFilter@40f77135, org.springframework.security.web.authentication.AnonymousAuthenticationFilter@6408a8ac, org.springframework.security.web.access.ExceptionTranslationFilter@207f7baa, org.springframework.security.web.access.intercept.AuthorizationFilter@511ad0dd]
14:14:12:194  INFO 18016 --- [main] o.s.b.w.embedded.tomcat.TomcatWebServer  : Tomcat started on port(s): 8082 (http) with context path ''
14:14:12:199  INFO 18016 --- [main] com.alibaba.nacos.client.naming          : initializer namespace from ans.namespace attribute : null
14:14:12:199  INFO 18016 --- [main] com.alibaba.nacos.client.naming          : initializer namespace from ALIBABA_ALIWARE_NAMESPACE attribute :null
14:14:12:199  INFO 18016 --- [main] com.alibaba.nacos.client.naming          : initializer namespace from namespace attribute :null
14:14:12:205  INFO 18016 --- [main] com.alibaba.nacos.client.naming          : FailoverDataSource type is class com.alibaba.nacos.client.naming.backups.datasource.DiskFailoverDataSource
14:14:12:209  INFO 18016 --- [main] c.a.n.p.a.s.c.ClientAuthPluginManager    : [ClientAuthPluginManager] Load ClientAuthService com.alibaba.nacos.client.auth.impl.NacosClientAuthServiceImpl success.
14:14:12:210  INFO 18016 --- [main] c.a.n.p.a.s.c.ClientAuthPluginManager    : [ClientAuthPluginManager] Load ClientAuthService com.alibaba.nacos.client.auth.ram.RamClientAuthServiceImpl success.
14:14:12:212  INFO 18016 --- [main] com.alibaba.nacos.common.remote.client   : [RpcClientFactory] create a new rpc client of 3980d239-0a39-4232-920d-aad5541a217d
14:14:12:214  INFO 18016 --- [main] com.alibaba.nacos.client.naming          : Create naming rpc client for uuid->3980d239-0a39-4232-920d-aad5541a217d
14:14:12:214  INFO 18016 --- [main] com.alibaba.nacos.common.remote.client   : [3980d239-0a39-4232-920d-aad5541a217d] RpcClient init, ServerListFactory = com.alibaba.nacos.client.naming.core.ServerListManager
14:14:12:215  INFO 18016 --- [main] com.alibaba.nacos.common.remote.client   : [3980d239-0a39-4232-920d-aad5541a217d] Registry connection listener to current client:com.alibaba.nacos.client.naming.remote.gprc.redo.NamingGrpcRedoService
14:14:12:215  INFO 18016 --- [main] com.alibaba.nacos.common.remote.client   : [3980d239-0a39-4232-920d-aad5541a217d] Register server push request handler:com.alibaba.nacos.client.naming.remote.gprc.NamingPushRequestHandler
14:14:12:216  INFO 18016 --- [main] com.alibaba.nacos.common.remote.client   : [3980d239-0a39-4232-920d-aad5541a217d] Try to connect to server on start up, server: {serverIp = '192.168.100.128', server main port = 8848}
14:14:12:216  INFO 18016 --- [main] c.a.n.c.remote.client.grpc.GrpcClient    : grpc client connection server:192.168.100.128 ip,serverPort:9848,grpcTslConfig:{"sslProvider":"","enableTls":false,"mutualAuthEnable":false,"trustAll":false}
14:14:12:328  INFO 18016 --- [main] com.alibaba.nacos.common.remote.client   : [3980d239-0a39-4232-920d-aad5541a217d] Success to connect to server [192.168.100.128:8848] on start up, connectionId = 1751696052254_192.168.100.1_61941
14:14:12:328  INFO 18016 --- [main] com.alibaba.nacos.common.remote.client   : [3980d239-0a39-4232-920d-aad5541a217d] Register server push request handler:com.alibaba.nacos.common.remote.client.RpcClient$ConnectResetRequestHandler
14:14:12:328  INFO 18016 --- [com.alibaba.nacos.client.remote.worker.0] com.alibaba.nacos.common.remote.client   : [3980d239-0a39-4232-920d-aad5541a217d] Notify connected event to listeners.
14:14:12:328  INFO 18016 --- [main] com.alibaba.nacos.common.remote.client   : [3980d239-0a39-4232-920d-aad5541a217d] Register server push request handler:com.alibaba.nacos.common.remote.client.RpcClient$$Lambda$530/0x000002618e4b1878
14:14:12:328  INFO 18016 --- [com.alibaba.nacos.client.remote.worker.0] com.alibaba.nacos.client.naming          : Grpc connection connect
14:14:12:329  INFO 18016 --- [main] com.alibaba.nacos.client.naming          : [REGISTER-SERVICE] public registering service cart-service with instance Instance{instanceId='null', ip='192.168.100.1', port=8082, weight=1.0, healthy=true, enabled=true, ephemeral=true, clusterName='DEFAULT', serviceName='null', metadata={IPv6=null, preserved.register.source=SPRING_CLOUD}}
14:14:12:339  INFO 18016 --- [main] c.a.c.n.registry.NacosServiceRegistry    : nacos registry, DEFAULT_GROUP cart-service 192.168.100.1:8082 register finished
14:14:12:454  INFO 18016 --- [main] j.s.cartservice.CartServiceApplication   : Started CartServiceApplication in 6.543 seconds (process running for 7.175)
14:14:12:459  INFO 18016 --- [main] c.a.nacos.client.config.impl.CacheData   : config listener notify warn timeout millis use default 60000 millis 
14:14:12:459  INFO 18016 --- [main] c.a.nacos.client.config.impl.CacheData   : nacos.cache.data.init.snapshot = true 
14:14:12:460  INFO 18016 --- [main] c.a.n.client.config.impl.ClientWorker    : [fixed-192.168.100.128_8848] [subscribe] cart-service+DEFAULT_GROUP
14:14:12:474  INFO 18016 --- [main] c.a.nacos.client.config.impl.CacheData   : [fixed-192.168.100.128_8848] [add-listener] ok, tenant=, dataId=cart-service, group=DEFAULT_GROUP, cnt=1
14:14:12:474  INFO 18016 --- [main] c.a.c.n.refresh.NacosContextRefresher    : [Nacos Config] Listening config: dataId=cart-service, group=DEFAULT_GROUP
14:14:12:475  INFO 18016 --- [main] c.a.n.client.config.impl.ClientWorker    : [fixed-192.168.100.128_8848] [subscribe] cart-service.yaml+DEFAULT_GROUP
14:14:12:475  INFO 18016 --- [main] c.a.nacos.client.config.impl.CacheData   : [fixed-192.168.100.128_8848] [add-listener] ok, tenant=, dataId=cart-service.yaml, group=DEFAULT_GROUP, cnt=1
14:14:12:475  INFO 18016 --- [main] c.a.c.n.refresh.NacosContextRefresher    : [Nacos Config] Listening config: dataId=cart-service.yaml, group=DEFAULT_GROUP
14:14:12:476  INFO 18016 --- [main] c.a.n.client.config.impl.ClientWorker    : [fixed-192.168.100.128_8848] [subscribe] cart-service-local.yaml+DEFAULT_GROUP
14:14:12:476  INFO 18016 --- [main] c.a.nacos.client.config.impl.CacheData   : [fixed-192.168.100.128_8848] [add-listener] ok, tenant=, dataId=cart-service-local.yaml, group=DEFAULT_GROUP, cnt=1
14:14:12:476  INFO 18016 --- [main] c.a.c.n.refresh.NacosContextRefresher    : [Nacos Config] Listening config: dataId=cart-service-local.yaml, group=DEFAULT_GROUP
14:54:22:197  WARN 18016 --- [Thread-2] c.a.n.common.http.HttpClientBeanHolder   : [HttpClientBeanHolder] Start destroying common HttpClient
14:54:22:197  WARN 18016 --- [Thread-5] c.a.nacos.common.notify.NotifyCenter     : [NotifyCenter] Start destroying Publisher
14:54:22:202  WARN 18016 --- [Thread-5] c.a.nacos.common.notify.NotifyCenter     : [NotifyCenter] Destruction of the end
14:54:22:203  WARN 18016 --- [Thread-2] c.a.n.common.http.HttpClientBeanHolder   : [HttpClientBeanHolder] Destruction of the end
14:54:22:291  INFO 18016 --- [SpringApplicationShutdownHook] c.a.c.n.registry.NacosServiceRegistry    : De-registering from Nacos Server now...
14:54:22:292  INFO 18016 --- [SpringApplicationShutdownHook] com.alibaba.nacos.client.naming          : [DEREGISTER-SERVICE] public deregistering service cart-service with instance: Instance{instanceId='null', ip='192.168.100.1', port=8082, weight=1.0, healthy=true, enabled=true, ephemeral=true, clusterName='DEFAULT', serviceName='null', metadata={}}
14:54:22:301  INFO 18016 --- [SpringApplicationShutdownHook] c.a.c.n.registry.NacosServiceRegistry    : De-registration finished.
14:54:22:301  INFO 18016 --- [SpringApplicationShutdownHook] com.alibaba.nacos.client.naming          : com.alibaba.nacos.client.naming.cache.ServiceInfoHolder do shutdown begin
14:54:22:301  INFO 18016 --- [SpringApplicationShutdownHook] com.alibaba.nacos.client.naming          : com.alibaba.nacos.client.naming.backups.FailoverReactor do shutdown begin
14:54:22:302  INFO 18016 --- [SpringApplicationShutdownHook] com.alibaba.nacos.client.naming          : com.alibaba.nacos.client.naming.backups.FailoverReactor do shutdown stop
14:54:22:302  INFO 18016 --- [SpringApplicationShutdownHook] com.alibaba.nacos.client.naming          : com.alibaba.nacos.client.naming.cache.ServiceInfoHolder do shutdown stop
14:54:22:302  INFO 18016 --- [SpringApplicationShutdownHook] com.alibaba.nacos.client.naming          : com.alibaba.nacos.client.naming.remote.NamingClientProxyDelegate do shutdown begin
14:54:22:302  INFO 18016 --- [SpringApplicationShutdownHook] com.alibaba.nacos.client.naming          : com.alibaba.nacos.client.naming.core.ServiceInfoUpdateService do shutdown begin
14:54:22:302  INFO 18016 --- [SpringApplicationShutdownHook] com.alibaba.nacos.client.naming          : com.alibaba.nacos.client.naming.core.ServiceInfoUpdateService do shutdown stop
14:54:22:302  INFO 18016 --- [SpringApplicationShutdownHook] com.alibaba.nacos.client.naming          : com.alibaba.nacos.client.naming.core.ServerListManager do shutdown begin
14:54:22:302  WARN 18016 --- [SpringApplicationShutdownHook] com.alibaba.nacos.client.naming          : [NamingHttpClientManager] Start destroying NacosRestTemplate
14:54:22:302  WARN 18016 --- [SpringApplicationShutdownHook] com.alibaba.nacos.client.naming          : [NamingHttpClientManager] Destruction of the end
14:54:22:302  INFO 18016 --- [SpringApplicationShutdownHook] com.alibaba.nacos.client.naming          : com.alibaba.nacos.client.naming.core.ServerListManager do shutdown stop
14:54:22:302  INFO 18016 --- [SpringApplicationShutdownHook] com.alibaba.nacos.client.naming          : com.alibaba.nacos.client.naming.remote.http.NamingHttpClientProxy do shutdown begin
14:54:22:302  WARN 18016 --- [SpringApplicationShutdownHook] com.alibaba.nacos.client.naming          : [NamingHttpClientManager] Start destroying NacosRestTemplate
14:54:22:302  WARN 18016 --- [SpringApplicationShutdownHook] com.alibaba.nacos.client.naming          : [NamingHttpClientManager] Destruction of the end
14:54:22:302  INFO 18016 --- [SpringApplicationShutdownHook] com.alibaba.nacos.client.naming          : com.alibaba.nacos.client.naming.remote.http.NamingHttpClientProxy do shutdown stop
14:54:22:302  INFO 18016 --- [SpringApplicationShutdownHook] com.alibaba.nacos.client.naming          : Shutdown naming grpc client proxy for  uuid->3980d239-0a39-4232-920d-aad5541a217d
14:54:22:302  INFO 18016 --- [SpringApplicationShutdownHook] com.alibaba.nacos.client.naming          : Shutdown grpc redo service executor java.util.concurrent.ScheduledThreadPoolExecutor@2ddc044e[Running, pool size = 1, active threads = 0, queued tasks = 1, completed tasks = 802]
14:54:22:303  INFO 18016 --- [SpringApplicationShutdownHook] com.alibaba.nacos.common.remote.client   : Shutdown rpc client, set status to shutdown
14:54:22:303  INFO 18016 --- [SpringApplicationShutdownHook] com.alibaba.nacos.common.remote.client   : Shutdown client event executor java.util.concurrent.ScheduledThreadPoolExecutor@67940728[Running, pool size = 2, active threads = 2, queued tasks = 0, completed tasks = 0]
14:54:22:303  INFO 18016 --- [SpringApplicationShutdownHook] com.alibaba.nacos.common.remote.client   : Close current connection 1751696052254_192.168.100.1_61941
14:54:22:305  INFO 18016 --- [nacos-grpc-client-executor-192.168.100.128-471] c.a.n.c.remote.client.grpc.GrpcClient    : [1751696052254_192.168.100.1_61941]Ignore complete event,isRunning:false,isAbandon=false
14:54:22:308  INFO 18016 --- [SpringApplicationShutdownHook] c.a.n.c.remote.client.grpc.GrpcClient    : Shutdown grpc executor java.util.concurrent.ThreadPoolExecutor@7a995227[Running, pool size = 4, active threads = 0, queued tasks = 0, completed tasks = 472]
14:54:22:308  INFO 18016 --- [SpringApplicationShutdownHook] com.alibaba.nacos.client.naming          : shutdown and remove naming rpc client  for uuid ->3980d239-0a39-4232-920d-aad5541a217d
14:54:22:308  INFO 18016 --- [SpringApplicationShutdownHook] c.a.n.c.a.r.identify.CredentialWatcher   : [null] CredentialWatcher is stopped
14:54:22:308  INFO 18016 --- [SpringApplicationShutdownHook] c.a.n.c.a.r.identify.CredentialService   : [null] CredentialService is freed
14:54:22:308  INFO 18016 --- [SpringApplicationShutdownHook] com.alibaba.nacos.client.naming          : com.alibaba.nacos.client.naming.remote.NamingClientProxyDelegate do shutdown stop
2025-07-05T14:55:44.157+08:00  INFO 20316 --- [main] j.s.cartservice.CartServiceApplication   : The following 1 profile is active: "local"
2025-07-05T14:55:44.905+08:00  INFO 20316 --- [main] .s.d.r.c.RepositoryConfigurationDelegate : Multiple Spring Data modules found, entering strict repository configuration mode
2025-07-05T14:55:44.908+08:00  INFO 20316 --- [main] .s.d.r.c.RepositoryConfigurationDelegate : Bootstrapping Spring Data Redis repositories in DEFAULT mode.
2025-07-05T14:55:44.932+08:00  INFO 20316 --- [main] .s.d.r.c.RepositoryConfigurationDelegate : Finished Spring Data repository scanning in 9 ms. Found 0 Redis repository interfaces.
2025-07-05T14:55:45.203+08:00  INFO 20316 --- [main] o.s.cloud.context.scope.GenericScope     : BeanFactory id=c69d6076-9f45-32f6-b919-588a484291af
2025-07-05T14:55:45.244+08:00  INFO 20316 --- [main] trationDelegate$BeanPostProcessorChecker : Bean 'jiaruchun.api.openfeignclient.cart.CartOpenFeignApi' of type [org.springframework.cloud.openfeign.FeignClientFactoryBean] is not eligible for getting processed by all BeanPostProcessors (for example: not eligible for auto-proxying)
2025-07-05T14:55:45.245+08:00  INFO 20316 --- [main] trationDelegate$BeanPostProcessorChecker : Bean 'jiaruchun.api.openfeignclient.item.ItemOpenFeignApi' of type [org.springframework.cloud.openfeign.FeignClientFactoryBean] is not eligible for getting processed by all BeanPostProcessors (for example: not eligible for auto-proxying)
2025-07-05T14:55:45.246+08:00  INFO 20316 --- [main] trationDelegate$BeanPostProcessorChecker : Bean 'jiaruchun.api.openfeignclient.user.UserOPenFeignClientApi' of type [org.springframework.cloud.openfeign.FeignClientFactoryBean] is not eligible for getting processed by all BeanPostProcessors (for example: not eligible for auto-proxying)
2025-07-05T14:55:45.637+08:00  INFO 20316 --- [main] o.s.b.w.embedded.tomcat.TomcatWebServer  : Tomcat initialized with port(s): 8082 (http)
2025-07-05T14:55:45.646+08:00  INFO 20316 --- [main] o.apache.catalina.core.StandardService   : Starting service [Tomcat]
2025-07-05T14:55:45.646+08:00  INFO 20316 --- [main] o.apache.catalina.core.StandardEngine    : Starting Servlet engine: [Apache Tomcat/10.1.19]
2025-07-05T14:55:45.741+08:00  INFO 20316 --- [main] o.a.c.c.C.[Tomcat].[localhost].[/]       : Initializing Spring embedded WebApplicationContext
2025-07-05T14:55:45.741+08:00  INFO 20316 --- [main] w.s.c.ServletWebServerApplicationContext : Root WebApplicationContext: initialization completed in 1560 ms
2025-07-05T14:55:46.044+08:00  INFO 20316 --- [main] o.s.c.openfeign.FeignClientFactoryBean   : For 'item-service' URL not provided. Will try picking an instance via load-balancing.
2025-07-05T14:55:47.758+08:00  WARN 20316 --- [main] .s.s.UserDetailsServiceAutoConfiguration : 

Using generated security password: aca16af2-b8f4-49d8-8e19-e494e76e6214

This generated password is for development use only. Your security configuration must be updated before running your application in production.

2025-07-05T14:55:47.868+08:00  INFO 20316 --- [main] o.s.s.web.DefaultSecurityFilterChain     : Will secure any request with [org.springframework.security.web.session.DisableEncodeUrlFilter@51d6c42d, org.springframework.security.web.context.request.async.WebAsyncManagerIntegrationFilter@68423388, org.springframework.security.web.context.SecurityContextHolderFilter@5d50e7f6, org.springframework.security.web.header.HeaderWriterFilter@d408c5d, org.springframework.security.web.csrf.CsrfFilter@2738a1fc, org.springframework.security.web.authentication.logout.LogoutFilter@37e28b20, org.springframework.security.web.authentication.UsernamePasswordAuthenticationFilter@4446a191, org.springframework.security.web.authentication.ui.DefaultLoginPageGeneratingFilter@9e092b5, org.springframework.security.web.authentication.ui.DefaultLogoutPageGeneratingFilter@1104cf3a, org.springframework.security.web.authentication.www.BasicAuthenticationFilter@40ef385f, org.springframework.security.web.savedrequest.RequestCacheAwareFilter@48e3017a, org.springframework.security.web.servletapi.SecurityContextHolderAwareRequestFilter@49bf5ec8, org.springframework.security.web.authentication.AnonymousAuthenticationFilter@85fd4b, org.springframework.security.web.access.ExceptionTranslationFilter@43e9a8a2, org.springframework.security.web.access.intercept.AuthorizationFilter@4981b83]
2025-07-05T14:55:48.585+08:00  INFO 20316 --- [main] o.s.b.w.embedded.tomcat.TomcatWebServer  : Tomcat started on port(s): 8082 (http) with context path ''
2025-07-05T14:55:48.594+08:00  INFO 20316 --- [main] com.alibaba.nacos.client.naming          : initializer namespace from ans.namespace attribute : null
2025-07-05T14:55:48.595+08:00  INFO 20316 --- [main] com.alibaba.nacos.client.naming          : initializer namespace from ALIBABA_ALIWARE_NAMESPACE attribute :null
2025-07-05T14:55:48.595+08:00  INFO 20316 --- [main] com.alibaba.nacos.client.naming          : initializer namespace from namespace attribute :null
2025-07-05T14:55:48.609+08:00  INFO 20316 --- [main] com.alibaba.nacos.client.naming          : FailoverDataSource type is class com.alibaba.nacos.client.naming.backups.datasource.DiskFailoverDataSource
2025-07-05T14:55:48.619+08:00  INFO 20316 --- [main] c.a.n.p.a.s.c.ClientAuthPluginManager    : [ClientAuthPluginManager] Load ClientAuthService com.alibaba.nacos.client.auth.impl.NacosClientAuthServiceImpl success.
2025-07-05T14:55:48.619+08:00  INFO 20316 --- [main] c.a.n.p.a.s.c.ClientAuthPluginManager    : [ClientAuthPluginManager] Load ClientAuthService com.alibaba.nacos.client.auth.ram.RamClientAuthServiceImpl success.
2025-07-05T14:55:48.626+08:00  INFO 20316 --- [main] com.alibaba.nacos.common.remote.client   : [RpcClientFactory] create a new rpc client of 8d662a1d-55b0-427c-b6b2-70e9d6879179
2025-07-05T14:55:48.630+08:00  INFO 20316 --- [main] com.alibaba.nacos.client.naming          : Create naming rpc client for uuid->8d662a1d-55b0-427c-b6b2-70e9d6879179
2025-07-05T14:55:48.630+08:00  INFO 20316 --- [main] com.alibaba.nacos.common.remote.client   : [8d662a1d-55b0-427c-b6b2-70e9d6879179] RpcClient init, ServerListFactory = com.alibaba.nacos.client.naming.core.ServerListManager
2025-07-05T14:55:48.630+08:00  INFO 20316 --- [main] com.alibaba.nacos.common.remote.client   : [8d662a1d-55b0-427c-b6b2-70e9d6879179] Registry connection listener to current client:com.alibaba.nacos.client.naming.remote.gprc.redo.NamingGrpcRedoService
2025-07-05T14:55:48.631+08:00  INFO 20316 --- [main] com.alibaba.nacos.common.remote.client   : [8d662a1d-55b0-427c-b6b2-70e9d6879179] Register server push request handler:com.alibaba.nacos.client.naming.remote.gprc.NamingPushRequestHandler
2025-07-05T14:55:48.631+08:00  INFO 20316 --- [main] com.alibaba.nacos.common.remote.client   : [8d662a1d-55b0-427c-b6b2-70e9d6879179] Try to connect to server on start up, server: {serverIp = '192.168.100.128', server main port = 8848}
2025-07-05T14:55:48.632+08:00  INFO 20316 --- [main] c.a.n.c.remote.client.grpc.GrpcClient    : grpc client connection server:192.168.100.128 ip,serverPort:9848,grpcTslConfig:{"sslProvider":"","enableTls":false,"mutualAuthEnable":false,"trustAll":false}
2025-07-05T14:55:48.742+08:00  INFO 20316 --- [main] com.alibaba.nacos.common.remote.client   : [8d662a1d-55b0-427c-b6b2-70e9d6879179] Success to connect to server [192.168.100.128:8848] on start up, connectionId = 1751698548667_192.168.100.1_49989
2025-07-05T14:55:48.742+08:00  INFO 20316 --- [main] com.alibaba.nacos.common.remote.client   : [8d662a1d-55b0-427c-b6b2-70e9d6879179] Register server push request handler:com.alibaba.nacos.common.remote.client.RpcClient$ConnectResetRequestHandler
2025-07-05T14:55:48.742+08:00  INFO 20316 --- [com.alibaba.nacos.client.remote.worker.0] com.alibaba.nacos.common.remote.client   : [8d662a1d-55b0-427c-b6b2-70e9d6879179] Notify connected event to listeners.
2025-07-05T14:55:48.742+08:00  INFO 20316 --- [main] com.alibaba.nacos.common.remote.client   : [8d662a1d-55b0-427c-b6b2-70e9d6879179] Register server push request handler:com.alibaba.nacos.common.remote.client.RpcClient$$Lambda$530/0x000001ea014bd640
2025-07-05T14:55:48.742+08:00  INFO 20316 --- [com.alibaba.nacos.client.remote.worker.0] com.alibaba.nacos.client.naming          : Grpc connection connect
2025-07-05T14:55:48.745+08:00  INFO 20316 --- [main] com.alibaba.nacos.client.naming          : [REGISTER-SERVICE] public registering service cart-service with instance Instance{instanceId='null', ip='192.168.100.1', port=8082, weight=1.0, healthy=true, enabled=true, ephemeral=true, clusterName='DEFAULT', serviceName='null', metadata={IPv6=null, preserved.register.source=SPRING_CLOUD}}
2025-07-05T14:55:48.761+08:00  INFO 20316 --- [main] c.a.c.n.registry.NacosServiceRegistry    : nacos registry, DEFAULT_GROUP cart-service 192.168.100.1:8082 register finished
2025-07-05T14:55:48.859+08:00  INFO 20316 --- [main] j.s.cartservice.CartServiceApplication   : Started CartServiceApplication in 6.984 seconds (process running for 7.703)
2025-07-05T14:55:48.869+08:00  INFO 20316 --- [main] c.a.nacos.client.config.impl.CacheData   : config listener notify warn timeout millis use default 60000 millis 
2025-07-05T14:55:48.870+08:00  INFO 20316 --- [main] c.a.nacos.client.config.impl.CacheData   : nacos.cache.data.init.snapshot = true 
2025-07-05T14:55:48.871+08:00  INFO 20316 --- [main] c.a.n.client.config.impl.ClientWorker    : [fixed-192.168.100.128_8848] [subscribe] cart-service+DEFAULT_GROUP
2025-07-05T14:55:48.897+08:00  INFO 20316 --- [main] c.a.nacos.client.config.impl.CacheData   : [fixed-192.168.100.128_8848] [add-listener] ok, tenant=, dataId=cart-service, group=DEFAULT_GROUP, cnt=1
2025-07-05T14:55:48.897+08:00  INFO 20316 --- [main] c.a.c.n.refresh.NacosContextRefresher    : [Nacos Config] Listening config: dataId=cart-service, group=DEFAULT_GROUP
2025-07-05T14:55:48.898+08:00  INFO 20316 --- [main] c.a.n.client.config.impl.ClientWorker    : [fixed-192.168.100.128_8848] [subscribe] cart-service.yaml+DEFAULT_GROUP
2025-07-05T14:55:48.898+08:00  INFO 20316 --- [main] c.a.nacos.client.config.impl.CacheData   : [fixed-192.168.100.128_8848] [add-listener] ok, tenant=, dataId=cart-service.yaml, group=DEFAULT_GROUP, cnt=1
2025-07-05T14:55:48.898+08:00  INFO 20316 --- [main] c.a.c.n.refresh.NacosContextRefresher    : [Nacos Config] Listening config: dataId=cart-service.yaml, group=DEFAULT_GROUP
2025-07-05T14:55:48.899+08:00  INFO 20316 --- [main] c.a.n.client.config.impl.ClientWorker    : [fixed-192.168.100.128_8848] [subscribe] cart-service-local.yaml+DEFAULT_GROUP
2025-07-05T14:55:48.899+08:00  INFO 20316 --- [main] c.a.nacos.client.config.impl.CacheData   : [fixed-192.168.100.128_8848] [add-listener] ok, tenant=, dataId=cart-service-local.yaml, group=DEFAULT_GROUP, cnt=1
2025-07-05T14:55:48.899+08:00  INFO 20316 --- [main] c.a.c.n.refresh.NacosContextRefresher    : [Nacos Config] Listening config: dataId=cart-service-local.yaml, group=DEFAULT_GROUP
2025-07-05T14:57:41.894+08:00  WARN 20316 --- [Thread-2] c.a.n.common.http.HttpClientBeanHolder   : [HttpClientBeanHolder] Start destroying common HttpClient
2025-07-05T14:57:41.894+08:00  WARN 20316 --- [Thread-5] c.a.nacos.common.notify.NotifyCenter     : [NotifyCenter] Start destroying Publisher
2025-07-05T14:57:41.895+08:00  WARN 20316 --- [Thread-5] c.a.nacos.common.notify.NotifyCenter     : [NotifyCenter] Destruction of the end
2025-07-05T14:57:41.895+08:00  WARN 20316 --- [Thread-2] c.a.n.common.http.HttpClientBeanHolder   : [HttpClientBeanHolder] Destruction of the end
2025-07-05T14:57:41.941+08:00  INFO 20316 --- [SpringApplicationShutdownHook] c.a.c.n.registry.NacosServiceRegistry    : De-registering from Nacos Server now...
2025-07-05T14:57:41.941+08:00  INFO 20316 --- [SpringApplicationShutdownHook] com.alibaba.nacos.client.naming          : [DEREGISTER-SERVICE] public deregistering service cart-service with instance: Instance{instanceId='null', ip='192.168.100.1', port=8082, weight=1.0, healthy=true, enabled=true, ephemeral=true, clusterName='DEFAULT', serviceName='null', metadata={}}
2025-07-05T14:57:41.945+08:00  INFO 20316 --- [SpringApplicationShutdownHook] c.a.c.n.registry.NacosServiceRegistry    : De-registration finished.
2025-07-05T14:57:41.946+08:00  INFO 20316 --- [SpringApplicationShutdownHook] com.alibaba.nacos.client.naming          : com.alibaba.nacos.client.naming.cache.ServiceInfoHolder do shutdown begin
2025-07-05T14:57:41.946+08:00  INFO 20316 --- [SpringApplicationShutdownHook] com.alibaba.nacos.client.naming          : com.alibaba.nacos.client.naming.backups.FailoverReactor do shutdown begin
2025-07-05T14:57:41.947+08:00  INFO 20316 --- [SpringApplicationShutdownHook] com.alibaba.nacos.client.naming          : com.alibaba.nacos.client.naming.backups.FailoverReactor do shutdown stop
2025-07-05T14:57:41.947+08:00  INFO 20316 --- [SpringApplicationShutdownHook] com.alibaba.nacos.client.naming          : com.alibaba.nacos.client.naming.cache.ServiceInfoHolder do shutdown stop
2025-07-05T14:57:41.947+08:00  INFO 20316 --- [SpringApplicationShutdownHook] com.alibaba.nacos.client.naming          : com.alibaba.nacos.client.naming.remote.NamingClientProxyDelegate do shutdown begin
2025-07-05T14:57:41.947+08:00  INFO 20316 --- [SpringApplicationShutdownHook] com.alibaba.nacos.client.naming          : com.alibaba.nacos.client.naming.core.ServiceInfoUpdateService do shutdown begin
2025-07-05T14:57:41.947+08:00  INFO 20316 --- [SpringApplicationShutdownHook] com.alibaba.nacos.client.naming          : com.alibaba.nacos.client.naming.core.ServiceInfoUpdateService do shutdown stop
2025-07-05T14:57:41.947+08:00  INFO 20316 --- [SpringApplicationShutdownHook] com.alibaba.nacos.client.naming          : com.alibaba.nacos.client.naming.core.ServerListManager do shutdown begin
2025-07-05T14:57:41.947+08:00  WARN 20316 --- [SpringApplicationShutdownHook] com.alibaba.nacos.client.naming          : [NamingHttpClientManager] Start destroying NacosRestTemplate
2025-07-05T14:57:41.947+08:00  WARN 20316 --- [SpringApplicationShutdownHook] com.alibaba.nacos.client.naming          : [NamingHttpClientManager] Destruction of the end
2025-07-05T14:57:41.947+08:00  INFO 20316 --- [SpringApplicationShutdownHook] com.alibaba.nacos.client.naming          : com.alibaba.nacos.client.naming.core.ServerListManager do shutdown stop
2025-07-05T14:57:41.947+08:00  INFO 20316 --- [SpringApplicationShutdownHook] com.alibaba.nacos.client.naming          : com.alibaba.nacos.client.naming.remote.http.NamingHttpClientProxy do shutdown begin
2025-07-05T14:57:41.947+08:00  WARN 20316 --- [SpringApplicationShutdownHook] com.alibaba.nacos.client.naming          : [NamingHttpClientManager] Start destroying NacosRestTemplate
2025-07-05T14:57:41.947+08:00  WARN 20316 --- [SpringApplicationShutdownHook] com.alibaba.nacos.client.naming          : [NamingHttpClientManager] Destruction of the end
2025-07-05T14:57:41.947+08:00  INFO 20316 --- [SpringApplicationShutdownHook] com.alibaba.nacos.client.naming          : com.alibaba.nacos.client.naming.remote.http.NamingHttpClientProxy do shutdown stop
2025-07-05T14:57:41.947+08:00  INFO 20316 --- [SpringApplicationShutdownHook] com.alibaba.nacos.client.naming          : Shutdown naming grpc client proxy for  uuid->8d662a1d-55b0-427c-b6b2-70e9d6879179
2025-07-05T14:57:41.948+08:00  INFO 20316 --- [SpringApplicationShutdownHook] com.alibaba.nacos.client.naming          : Shutdown grpc redo service executor java.util.concurrent.ScheduledThreadPoolExecutor@4658f119[Running, pool size = 1, active threads = 0, queued tasks = 1, completed tasks = 37]
2025-07-05T14:57:41.948+08:00  INFO 20316 --- [SpringApplicationShutdownHook] com.alibaba.nacos.common.remote.client   : Shutdown rpc client, set status to shutdown
2025-07-05T14:57:41.948+08:00  INFO 20316 --- [SpringApplicationShutdownHook] com.alibaba.nacos.common.remote.client   : Shutdown client event executor java.util.concurrent.ScheduledThreadPoolExecutor@4057a01a[Running, pool size = 2, active threads = 2, queued tasks = 0, completed tasks = 0]
2025-07-05T14:57:41.948+08:00  INFO 20316 --- [SpringApplicationShutdownHook] com.alibaba.nacos.common.remote.client   : Close current connection 1751698548667_192.168.100.1_49989
2025-07-05T14:57:41.950+08:00  INFO 20316 --- [nacos-grpc-client-executor-192.168.100.128-33] c.a.n.c.remote.client.grpc.GrpcClient    : [1751698548667_192.168.100.1_49989]Ignore complete event,isRunning:false,isAbandon=false
2025-07-05T14:57:41.952+08:00  INFO 20316 --- [SpringApplicationShutdownHook] c.a.n.c.remote.client.grpc.GrpcClient    : Shutdown grpc executor java.util.concurrent.ThreadPoolExecutor@70bc9be3[Running, pool size = 4, active threads = 0, queued tasks = 0, completed tasks = 34]
2025-07-05T14:57:41.953+08:00  INFO 20316 --- [SpringApplicationShutdownHook] com.alibaba.nacos.client.naming          : shutdown and remove naming rpc client  for uuid ->8d662a1d-55b0-427c-b6b2-70e9d6879179
2025-07-05T14:57:41.953+08:00  INFO 20316 --- [SpringApplicationShutdownHook] c.a.n.c.a.r.identify.CredentialWatcher   : [null] CredentialWatcher is stopped
2025-07-05T14:57:41.953+08:00  INFO 20316 --- [SpringApplicationShutdownHook] c.a.n.c.a.r.identify.CredentialService   : [null] CredentialService is freed
2025-07-05T14:57:41.953+08:00  INFO 20316 --- [SpringApplicationShutdownHook] com.alibaba.nacos.client.naming          : com.alibaba.nacos.client.naming.remote.NamingClientProxyDelegate do shutdown stop
2025-07-05T14:57:46.578+08:00  INFO 34896 --- [main] j.s.cartservice.CartServiceApplication   : The following 1 profile is active: "local"
2025-07-05T14:57:47.278+08:00  INFO 34896 --- [main] .s.d.r.c.RepositoryConfigurationDelegate : Multiple Spring Data modules found, entering strict repository configuration mode
2025-07-05T14:57:47.281+08:00  INFO 34896 --- [main] .s.d.r.c.RepositoryConfigurationDelegate : Bootstrapping Spring Data Redis repositories in DEFAULT mode.
2025-07-05T14:57:47.304+08:00  INFO 34896 --- [main] .s.d.r.c.RepositoryConfigurationDelegate : Finished Spring Data repository scanning in 8 ms. Found 0 Redis repository interfaces.
2025-07-05T14:57:47.547+08:00  INFO 34896 --- [main] o.s.cloud.context.scope.GenericScope     : BeanFactory id=c69d6076-9f45-32f6-b919-588a484291af
2025-07-05T14:57:47.586+08:00  INFO 34896 --- [main] trationDelegate$BeanPostProcessorChecker : Bean 'jiaruchun.api.openfeignclient.cart.CartOpenFeignApi' of type [org.springframework.cloud.openfeign.FeignClientFactoryBean] is not eligible for getting processed by all BeanPostProcessors (for example: not eligible for auto-proxying)
2025-07-05T14:57:47.587+08:00  INFO 34896 --- [main] trationDelegate$BeanPostProcessorChecker : Bean 'jiaruchun.api.openfeignclient.item.ItemOpenFeignApi' of type [org.springframework.cloud.openfeign.FeignClientFactoryBean] is not eligible for getting processed by all BeanPostProcessors (for example: not eligible for auto-proxying)
2025-07-05T14:57:47.589+08:00  INFO 34896 --- [main] trationDelegate$BeanPostProcessorChecker : Bean 'jiaruchun.api.openfeignclient.user.UserOPenFeignClientApi' of type [org.springframework.cloud.openfeign.FeignClientFactoryBean] is not eligible for getting processed by all BeanPostProcessors (for example: not eligible for auto-proxying)
2025-07-05T14:57:47.962+08:00  INFO 34896 --- [main] o.s.b.w.embedded.tomcat.TomcatWebServer  : Tomcat initialized with port(s): 8082 (http)
2025-07-05T14:57:47.972+08:00  INFO 34896 --- [main] o.apache.catalina.core.StandardService   : Starting service [Tomcat]
2025-07-05T14:57:47.972+08:00  INFO 34896 --- [main] o.apache.catalina.core.StandardEngine    : Starting Servlet engine: [Apache Tomcat/10.1.19]
2025-07-05T14:57:48.064+08:00  INFO 34896 --- [main] o.a.c.c.C.[Tomcat].[localhost].[/]       : Initializing Spring embedded WebApplicationContext
2025-07-05T14:57:48.064+08:00  INFO 34896 --- [main] w.s.c.ServletWebServerApplicationContext : Root WebApplicationContext: initialization completed in 1469 ms
2025-07-05T14:57:48.333+08:00  INFO 34896 --- [main] o.s.c.openfeign.FeignClientFactoryBean   : For 'item-service' URL not provided. Will try picking an instance via load-balancing.
2025-07-05T14:57:50.076+08:00  WARN 34896 --- [main] .s.s.UserDetailsServiceAutoConfiguration : 

Using generated security password: 1c5fc022-5e64-4c01-ae85-f7ebce1ed57c

This generated password is for development use only. Your security configuration must be updated before running your application in production.

2025-07-05T14:57:50.200+08:00  INFO 34896 --- [main] o.s.s.web.DefaultSecurityFilterChain     : Will secure any request with [org.springframework.security.web.session.DisableEncodeUrlFilter@85fd4b, org.springframework.security.web.context.request.async.WebAsyncManagerIntegrationFilter@6715a6da, org.springframework.security.web.context.SecurityContextHolderFilter@4a937d43, org.springframework.security.web.header.HeaderWriterFilter@5d50e7f6, org.springframework.security.web.csrf.CsrfFilter@1dc28c66, org.springframework.security.web.authentication.logout.LogoutFilter@40e7aea9, org.springframework.security.web.authentication.UsernamePasswordAuthenticationFilter@1a865ebf, org.springframework.security.web.authentication.ui.DefaultLoginPageGeneratingFilter@649a6d88, org.springframework.security.web.authentication.ui.DefaultLogoutPageGeneratingFilter@1eb207c3, org.springframework.security.web.authentication.www.BasicAuthenticationFilter@51d6c42d, org.springframework.security.web.savedrequest.RequestCacheAwareFilter@19877453, org.springframework.security.web.servletapi.SecurityContextHolderAwareRequestFilter@18711946, org.springframework.security.web.authentication.AnonymousAuthenticationFilter@29f86630, org.springframework.security.web.access.ExceptionTranslationFilter@74ed1d35, org.springframework.security.web.access.intercept.AuthorizationFilter@5e0602ff]
2025-07-05T14:57:50.878+08:00  INFO 34896 --- [main] o.s.b.w.embedded.tomcat.TomcatWebServer  : Tomcat started on port(s): 8082 (http) with context path ''
2025-07-05T14:57:50.886+08:00  INFO 34896 --- [main] com.alibaba.nacos.client.naming          : initializer namespace from ans.namespace attribute : null
2025-07-05T14:57:50.887+08:00  INFO 34896 --- [main] com.alibaba.nacos.client.naming          : initializer namespace from ALIBABA_ALIWARE_NAMESPACE attribute :null
2025-07-05T14:57:50.888+08:00  INFO 34896 --- [main] com.alibaba.nacos.client.naming          : initializer namespace from namespace attribute :null
2025-07-05T14:57:50.901+08:00  INFO 34896 --- [main] com.alibaba.nacos.client.naming          : FailoverDataSource type is class com.alibaba.nacos.client.naming.backups.datasource.DiskFailoverDataSource
2025-07-05T14:57:50.909+08:00  INFO 34896 --- [main] c.a.n.p.a.s.c.ClientAuthPluginManager    : [ClientAuthPluginManager] Load ClientAuthService com.alibaba.nacos.client.auth.impl.NacosClientAuthServiceImpl success.
2025-07-05T14:57:50.909+08:00  INFO 34896 --- [main] c.a.n.p.a.s.c.ClientAuthPluginManager    : [ClientAuthPluginManager] Load ClientAuthService com.alibaba.nacos.client.auth.ram.RamClientAuthServiceImpl success.
2025-07-05T14:57:50.917+08:00  INFO 34896 --- [main] com.alibaba.nacos.common.remote.client   : [RpcClientFactory] create a new rpc client of 13b87224-74b5-4852-af9a-5282940fa61a
2025-07-05T14:57:50.920+08:00  INFO 34896 --- [main] com.alibaba.nacos.client.naming          : Create naming rpc client for uuid->13b87224-74b5-4852-af9a-5282940fa61a
2025-07-05T14:57:50.920+08:00  INFO 34896 --- [main] com.alibaba.nacos.common.remote.client   : [13b87224-74b5-4852-af9a-5282940fa61a] RpcClient init, ServerListFactory = com.alibaba.nacos.client.naming.core.ServerListManager
2025-07-05T14:57:50.920+08:00  INFO 34896 --- [main] com.alibaba.nacos.common.remote.client   : [13b87224-74b5-4852-af9a-5282940fa61a] Registry connection listener to current client:com.alibaba.nacos.client.naming.remote.gprc.redo.NamingGrpcRedoService
2025-07-05T14:57:50.921+08:00  INFO 34896 --- [main] com.alibaba.nacos.common.remote.client   : [13b87224-74b5-4852-af9a-5282940fa61a] Register server push request handler:com.alibaba.nacos.client.naming.remote.gprc.NamingPushRequestHandler
2025-07-05T14:57:50.922+08:00  INFO 34896 --- [main] com.alibaba.nacos.common.remote.client   : [13b87224-74b5-4852-af9a-5282940fa61a] Try to connect to server on start up, server: {serverIp = '192.168.100.128', server main port = 8848}
2025-07-05T14:57:50.922+08:00  INFO 34896 --- [main] c.a.n.c.remote.client.grpc.GrpcClient    : grpc client connection server:192.168.100.128 ip,serverPort:9848,grpcTslConfig:{"sslProvider":"","enableTls":false,"mutualAuthEnable":false,"trustAll":false}
2025-07-05T14:57:51.033+08:00  INFO 34896 --- [main] com.alibaba.nacos.common.remote.client   : [13b87224-74b5-4852-af9a-5282940fa61a] Success to connect to server [192.168.100.128:8848] on start up, connectionId = 1751698670958_192.168.100.1_50182
2025-07-05T14:57:51.033+08:00  INFO 34896 --- [main] com.alibaba.nacos.common.remote.client   : [13b87224-74b5-4852-af9a-5282940fa61a] Register server push request handler:com.alibaba.nacos.common.remote.client.RpcClient$ConnectResetRequestHandler
2025-07-05T14:57:51.033+08:00  INFO 34896 --- [com.alibaba.nacos.client.remote.worker.1] com.alibaba.nacos.common.remote.client   : [13b87224-74b5-4852-af9a-5282940fa61a] Notify connected event to listeners.
2025-07-05T14:57:51.033+08:00  INFO 34896 --- [main] com.alibaba.nacos.common.remote.client   : [13b87224-74b5-4852-af9a-5282940fa61a] Register server push request handler:com.alibaba.nacos.common.remote.client.RpcClient$$Lambda$530/0x000001c5814be478
2025-07-05T14:57:51.033+08:00  INFO 34896 --- [com.alibaba.nacos.client.remote.worker.1] com.alibaba.nacos.client.naming          : Grpc connection connect
2025-07-05T14:57:51.036+08:00  INFO 34896 --- [main] com.alibaba.nacos.client.naming          : [REGISTER-SERVICE] public registering service cart-service with instance Instance{instanceId='null', ip='192.168.100.1', port=8082, weight=1.0, healthy=true, enabled=true, ephemeral=true, clusterName='DEFAULT', serviceName='null', metadata={IPv6=null, preserved.register.source=SPRING_CLOUD}}
2025-07-05T14:57:51.052+08:00  INFO 34896 --- [main] c.a.c.n.registry.NacosServiceRegistry    : nacos registry, DEFAULT_GROUP cart-service 192.168.100.1:8082 register finished
2025-07-05T14:57:51.139+08:00  INFO 34896 --- [main] j.s.cartservice.CartServiceApplication   : Started CartServiceApplication in 6.954 seconds (process running for 7.821)
2025-07-05T14:57:51.148+08:00  INFO 34896 --- [main] c.a.nacos.client.config.impl.CacheData   : config listener notify warn timeout millis use default 60000 millis 
2025-07-05T14:57:51.149+08:00  INFO 34896 --- [main] c.a.nacos.client.config.impl.CacheData   : nacos.cache.data.init.snapshot = true 
2025-07-05T14:57:51.150+08:00  INFO 34896 --- [main] c.a.n.client.config.impl.ClientWorker    : [fixed-192.168.100.128_8848] [subscribe] cart-service+DEFAULT_GROUP
2025-07-05T14:57:51.174+08:00  INFO 34896 --- [main] c.a.nacos.client.config.impl.CacheData   : [fixed-192.168.100.128_8848] [add-listener] ok, tenant=, dataId=cart-service, group=DEFAULT_GROUP, cnt=1
2025-07-05T14:57:51.174+08:00  INFO 34896 --- [main] c.a.c.n.refresh.NacosContextRefresher    : [Nacos Config] Listening config: dataId=cart-service, group=DEFAULT_GROUP
2025-07-05T14:57:51.175+08:00  INFO 34896 --- [main] c.a.n.client.config.impl.ClientWorker    : [fixed-192.168.100.128_8848] [subscribe] cart-service.yaml+DEFAULT_GROUP
2025-07-05T14:57:51.175+08:00  INFO 34896 --- [main] c.a.nacos.client.config.impl.CacheData   : [fixed-192.168.100.128_8848] [add-listener] ok, tenant=, dataId=cart-service.yaml, group=DEFAULT_GROUP, cnt=1
2025-07-05T14:57:51.175+08:00  INFO 34896 --- [main] c.a.c.n.refresh.NacosContextRefresher    : [Nacos Config] Listening config: dataId=cart-service.yaml, group=DEFAULT_GROUP
2025-07-05T14:57:51.176+08:00  INFO 34896 --- [main] c.a.n.client.config.impl.ClientWorker    : [fixed-192.168.100.128_8848] [subscribe] cart-service-local.yaml+DEFAULT_GROUP
2025-07-05T14:57:51.176+08:00  INFO 34896 --- [main] c.a.nacos.client.config.impl.CacheData   : [fixed-192.168.100.128_8848] [add-listener] ok, tenant=, dataId=cart-service-local.yaml, group=DEFAULT_GROUP, cnt=1
2025-07-05T14:57:51.176+08:00  INFO 34896 --- [main] c.a.c.n.refresh.NacosContextRefresher    : [Nacos Config] Listening config: dataId=cart-service-local.yaml, group=DEFAULT_GROUP
