17:06:41:210  WARN 29016 --- [main] c.a.nacos.client.logging.NacosLogging    : Load Logback Configuration of Nacos fail, message: Could not initialize Logback Nacos logging from classpath:nacos-logback.xml
17:06:41:244  WARN 29016 --- [main] c.a.nacos.client.logging.NacosLogging    : Load Logback Configuration of Nacos fail, message: Could not initialize Logback Nacos logging from classpath:nacos-logback.xml
17:06:41:245  INFO 29016 --- [main] j.s.userservice.UserServiceApplication   : The following 1 profile is active: "local"
17:06:41:863  INFO 29016 --- [main] .s.d.r.c.RepositoryConfigurationDelegate : Multiple Spring Data modules found, entering strict repository configuration mode
17:06:41:865  INFO 29016 --- [main] .s.d.r.c.RepositoryConfigurationDelegate : Bootstrapping Spring Data Redis repositories in DEFAULT mode.
17:06:41:905  INFO 29016 --- [main] .s.d.r.c.RepositoryConfigurationDelegate : Finished Spring Data repository scanning in 8 ms. Found 0 Redis repository interfaces.
17:06:42:104  INFO 29016 --- [main] o.s.cloud.context.scope.GenericScope     : BeanFactory id=118e01d0-cd4b-3251-ad75-45bf9fb05451
17:06:42:450  INFO 29016 --- [main] o.s.b.w.embedded.tomcat.TomcatWebServer  : Tomcat initialized with port(s): 8083 (http)
17:06:42:459  INFO 29016 --- [main] o.apache.catalina.core.StandardService   : Starting service [Tomcat]
17:06:42:459  INFO 29016 --- [main] o.apache.catalina.core.StandardEngine    : Starting Servlet engine: [Apache Tomcat/10.1.19]
17:06:42:567  INFO 29016 --- [main] o.a.c.c.C.[Tomcat].[localhost].[/]       : Initializing Spring embedded WebApplicationContext
17:06:42:568  INFO 29016 --- [main] w.s.c.ServletWebServerApplicationContext : Root WebApplicationContext: initialization completed in 1306 ms
17:06:44:263  WARN 29016 --- [main] .s.s.UserDetailsServiceAutoConfiguration : 

Using generated security password: a7aafc37-7b2f-491d-845e-79808a6c3bbb

This generated password is for development use only. Your security configuration must be updated before running your application in production.

17:06:44:359  INFO 29016 --- [main] o.s.s.web.DefaultSecurityFilterChain     : Will secure any request with [org.springframework.security.web.session.DisableEncodeUrlFilter@682fe17b, org.springframework.security.web.context.request.async.WebAsyncManagerIntegrationFilter@418bdde9, org.springframework.security.web.context.SecurityContextHolderFilter@104392ba, org.springframework.security.web.header.HeaderWriterFilter@299ddfff, org.springframework.security.web.csrf.CsrfFilter@35d3202b, org.springframework.security.web.authentication.logout.LogoutFilter@53d2b827, org.springframework.security.web.authentication.UsernamePasswordAuthenticationFilter@402676e3, org.springframework.security.web.authentication.ui.DefaultLoginPageGeneratingFilter@13866865, org.springframework.security.web.authentication.ui.DefaultLogoutPageGeneratingFilter@13e0f380, org.springframework.security.web.authentication.www.BasicAuthenticationFilter@4eace42b, org.springframework.security.web.savedrequest.RequestCacheAwareFilter@5c1687d1, org.springframework.security.web.servletapi.SecurityContextHolderAwareRequestFilter@10b2c1cf, org.springframework.security.web.authentication.AnonymousAuthenticationFilter@240df292, org.springframework.security.web.access.ExceptionTranslationFilter@57a0c261, org.springframework.security.web.access.intercept.AuthorizationFilter@4023d23f]
17:06:44:601  INFO 29016 --- [main] o.s.b.w.embedded.tomcat.TomcatWebServer  : Tomcat started on port(s): 8083 (http) with context path ''
17:06:44:607  WARN 29016 --- [main] c.a.nacos.client.logging.NacosLogging    : Load Logback Configuration of Nacos fail, message: Could not initialize Logback Nacos logging from classpath:nacos-logback.xml
17:06:44:608  INFO 29016 --- [main] com.alibaba.nacos.client.naming          : initializer namespace from ans.namespace attribute : null
17:06:44:608  INFO 29016 --- [main] com.alibaba.nacos.client.naming          : initializer namespace from ALIBABA_ALIWARE_NAMESPACE attribute :null
17:06:44:608  INFO 29016 --- [main] com.alibaba.nacos.client.naming          : initializer namespace from namespace attribute :null
17:06:44:629  INFO 29016 --- [main] c.alibaba.nacos.client.utils.ParamUtil   : [settings] [req-serv] nacos-server port:8848
17:06:44:630  INFO 29016 --- [main] c.alibaba.nacos.client.utils.ParamUtil   : [settings] [http-client] connect timeout:1000
17:06:44:631  INFO 29016 --- [main] c.alibaba.nacos.client.utils.ParamUtil   : PER_TASK_CONFIG_SIZE: 3000.0
17:06:44:635  INFO 29016 --- [main] c.a.n.p.a.s.c.ClientAuthPluginManager    : [ClientAuthPluginManager] Load ClientAuthService com.alibaba.nacos.client.auth.impl.NacosClientAuthServiceImpl success.
17:06:44:636  INFO 29016 --- [main] c.a.n.p.a.s.c.ClientAuthPluginManager    : [ClientAuthPluginManager] Load ClientAuthService com.alibaba.nacos.client.auth.ram.RamClientAuthServiceImpl success.
17:06:44:638  INFO 29016 --- [main] c.a.n.c.a.r.identify.CredentialWatcher   : null No credential found
17:06:44:645  INFO 29016 --- [main] com.alibaba.nacos.common.remote.client   : [RpcClientFactory] create a new rpc client of 27c03ed1-3abe-4048-bd05-5fd26a5973ed
17:06:44:662  INFO 29016 --- [main] com.alibaba.nacos.common.remote.client   : [27c03ed1-3abe-4048-bd05-5fd26a5973ed] RpcClient init, ServerListFactory = com.alibaba.nacos.client.naming.core.ServerListManager
17:06:44:662  INFO 29016 --- [main] com.alibaba.nacos.common.remote.client   : [27c03ed1-3abe-4048-bd05-5fd26a5973ed] Registry connection listener to current client:com.alibaba.nacos.client.naming.remote.gprc.redo.NamingGrpcRedoService
17:06:44:662  INFO 29016 --- [main] com.alibaba.nacos.common.remote.client   : [27c03ed1-3abe-4048-bd05-5fd26a5973ed] Register server push request handler:com.alibaba.nacos.client.naming.remote.gprc.NamingPushRequestHandler
17:06:44:665  INFO 29016 --- [main] com.alibaba.nacos.common.remote.client   : [27c03ed1-3abe-4048-bd05-5fd26a5973ed] Try to connect to server on start up, server: {serverIp = '192.168.100.128', server main port = 8848}
17:06:44:691  INFO 29016 --- [main] c.a.n.c.remote.client.grpc.GrpcClient    : grpc client connection server:192.168.100.128 ip,serverPort:9848,grpcTslConfig:{"sslProvider":"OPENSSL","enableTls":false,"mutualAuthEnable":false,"trustAll":false}
17:06:45:404  INFO 29016 --- [main] com.alibaba.nacos.common.remote.client   : [27c03ed1-3abe-4048-bd05-5fd26a5973ed] Success to connect to server [192.168.100.128:8848] on start up, connectionId = 1751620005307_192.168.100.1_49992
17:06:45:405  INFO 29016 --- [com.alibaba.nacos.client.remote.worker] com.alibaba.nacos.common.remote.client   : [27c03ed1-3abe-4048-bd05-5fd26a5973ed] Notify connected event to listeners.
17:06:45:405  INFO 29016 --- [com.alibaba.nacos.client.remote.worker] com.alibaba.nacos.client.naming          : Grpc connection connect
17:06:45:405  INFO 29016 --- [main] com.alibaba.nacos.common.remote.client   : [27c03ed1-3abe-4048-bd05-5fd26a5973ed] Register server push request handler:com.alibaba.nacos.common.remote.client.RpcClient$ConnectResetRequestHandler
17:06:45:405  INFO 29016 --- [main] com.alibaba.nacos.common.remote.client   : [27c03ed1-3abe-4048-bd05-5fd26a5973ed] Register server push request handler:com.alibaba.nacos.common.remote.client.RpcClient$$Lambda$1286/0x0000016d4a8cb418
17:06:45:407  INFO 29016 --- [main] com.alibaba.nacos.client.naming          : [REGISTER-SERVICE] public registering service user-service with instance Instance{instanceId='null', ip='192.168.100.1', port=8083, weight=1.0, healthy=true, enabled=true, ephemeral=true, clusterName='DEFAULT', serviceName='null', metadata={IPv6=null, preserved.register.source=SPRING_CLOUD}}
17:06:45:418  INFO 29016 --- [main] c.a.c.n.registry.NacosServiceRegistry    : nacos registry, DEFAULT_GROUP user-service 192.168.100.1:8083 register finished
17:06:45:495  INFO 29016 --- [main] j.s.userservice.UserServiceApplication   : Started UserServiceApplication in 5.345 seconds (process running for 5.87)
19:57:10:207  WARN 29016 --- [Thread-5] c.a.nacos.common.notify.NotifyCenter     : [NotifyCenter] Start destroying Publisher
19:57:10:207  WARN 29016 --- [Thread-8] c.a.n.common.http.HttpClientBeanHolder   : [HttpClientBeanHolder] Start destroying common HttpClient
19:57:10:229  WARN 29016 --- [Thread-5] c.a.nacos.common.notify.NotifyCenter     : [NotifyCenter] Destruction of the end
19:57:10:244  WARN 29016 --- [Thread-8] c.a.n.common.http.HttpClientBeanHolder   : [HttpClientBeanHolder] Destruction of the end
19:57:10:662  INFO 29016 --- [SpringApplicationShutdownHook] c.a.c.n.registry.NacosServiceRegistry    : De-registering from Nacos Server now...
19:57:10:664  INFO 29016 --- [SpringApplicationShutdownHook] com.alibaba.nacos.client.naming          : [DEREGISTER-SERVICE] public deregistering service user-service with instance: Instance{instanceId='null', ip='192.168.100.1', port=8083, weight=1.0, healthy=true, enabled=true, ephemeral=true, clusterName='DEFAULT', serviceName='null', metadata={}}
19:57:10:678  INFO 29016 --- [SpringApplicationShutdownHook] c.a.c.n.registry.NacosServiceRegistry    : De-registration finished.
19:57:10:679  INFO 29016 --- [SpringApplicationShutdownHook] com.alibaba.nacos.client.naming          : com.alibaba.nacos.client.naming.cache.ServiceInfoHolder do shutdown begin
19:57:10:680  INFO 29016 --- [SpringApplicationShutdownHook] com.alibaba.nacos.client.naming          : com.alibaba.nacos.client.naming.backups.FailoverReactor do shutdown begin
19:57:10:680  INFO 29016 --- [SpringApplicationShutdownHook] com.alibaba.nacos.client.naming          : com.alibaba.nacos.client.naming.backups.FailoverReactor do shutdown stop
19:57:10:680  INFO 29016 --- [SpringApplicationShutdownHook] com.alibaba.nacos.client.naming          : com.alibaba.nacos.client.naming.cache.ServiceInfoHolder do shutdown stop
19:57:10:680  INFO 29016 --- [SpringApplicationShutdownHook] com.alibaba.nacos.client.naming          : com.alibaba.nacos.client.naming.remote.NamingClientProxyDelegate do shutdown begin
19:57:10:680  INFO 29016 --- [SpringApplicationShutdownHook] com.alibaba.nacos.client.naming          : com.alibaba.nacos.client.naming.core.ServiceInfoUpdateService do shutdown begin
19:57:10:681  INFO 29016 --- [SpringApplicationShutdownHook] com.alibaba.nacos.client.naming          : com.alibaba.nacos.client.naming.core.ServiceInfoUpdateService do shutdown stop
19:57:10:681  INFO 29016 --- [SpringApplicationShutdownHook] com.alibaba.nacos.client.naming          : com.alibaba.nacos.client.naming.core.ServerListManager do shutdown begin
19:57:10:681  WARN 29016 --- [SpringApplicationShutdownHook] com.alibaba.nacos.client.naming          : [NamingHttpClientManager] Start destroying NacosRestTemplate
19:57:10:681  WARN 29016 --- [SpringApplicationShutdownHook] com.alibaba.nacos.client.naming          : [NamingHttpClientManager] Destruction of the end
19:57:10:681  INFO 29016 --- [SpringApplicationShutdownHook] com.alibaba.nacos.client.naming          : com.alibaba.nacos.client.naming.core.ServerListManager do shutdown stop
19:57:10:681  INFO 29016 --- [SpringApplicationShutdownHook] com.alibaba.nacos.client.naming          : com.alibaba.nacos.client.naming.remote.http.NamingHttpClientProxy do shutdown begin
19:57:10:681  WARN 29016 --- [SpringApplicationShutdownHook] com.alibaba.nacos.client.naming          : [NamingHttpClientManager] Start destroying NacosRestTemplate
19:57:10:681  WARN 29016 --- [SpringApplicationShutdownHook] com.alibaba.nacos.client.naming          : [NamingHttpClientManager] Destruction of the end
19:57:10:681  INFO 29016 --- [SpringApplicationShutdownHook] com.alibaba.nacos.client.naming          : com.alibaba.nacos.client.naming.remote.http.NamingHttpClientProxy do shutdown stop
19:57:10:681  INFO 29016 --- [SpringApplicationShutdownHook] com.alibaba.nacos.common.remote.client   : Shutdown rpc client, set status to shutdown
19:57:10:682  INFO 29016 --- [SpringApplicationShutdownHook] com.alibaba.nacos.common.remote.client   : Shutdown client event executor java.util.concurrent.ScheduledThreadPoolExecutor@633e5114[Running, pool size = 2, active threads = 2, queued tasks = 0, completed tasks = 0]
19:57:10:683  INFO 29016 --- [SpringApplicationShutdownHook] com.alibaba.nacos.common.remote.client   : Close current connection 1751620005307_192.168.100.1_49992
19:57:10:687  INFO 29016 --- [nacos-grpc-client-executor-192.168.100.128-2084] c.a.n.c.remote.client.grpc.GrpcClient    : [1751620005307_192.168.100.1_49992]Ignore complete event,isRunning:false,isAbandon=false
19:57:10:695  INFO 29016 --- [SpringApplicationShutdownHook] c.a.n.c.remote.client.grpc.GrpcClient    : Shutdown grpc executor java.util.concurrent.ThreadPoolExecutor@245618c3[Running, pool size = 4, active threads = 0, queued tasks = 0, completed tasks = 2085]
19:57:10:696  INFO 29016 --- [SpringApplicationShutdownHook] com.alibaba.nacos.client.naming          : Shutdown grpc redo service executor java.util.concurrent.ScheduledThreadPoolExecutor@bc2dd5d[Running, pool size = 1, active threads = 0, queued tasks = 1, completed tasks = 3406]
19:57:10:697  INFO 29016 --- [SpringApplicationShutdownHook] c.a.n.c.a.r.identify.CredentialWatcher   : [null] CredentialWatcher is stopped
19:57:10:698  INFO 29016 --- [SpringApplicationShutdownHook] c.a.n.c.a.r.identify.CredentialService   : [null] CredentialService is freed
19:57:10:699  INFO 29016 --- [SpringApplicationShutdownHook] com.alibaba.nacos.client.naming          : com.alibaba.nacos.client.naming.remote.NamingClientProxyDelegate do shutdown stop
